[0.370s] Invoking command in '/home/leosun/ros2_ws/src/localization': PYTHONPATH=/home/leosun/ros2_ws/build/localization/prefix_override:/usr/lib/python3/dist-packages/colcon_core/task/python/colcon_distutils_commands:/home/leosun/ros2_ws/install/localization/lib/python3.10/site-packages:${PYTHONPATH} /usr/bin/python3 -W ignore:setup.py install is deprecated -W ignore:easy_install command is deprecated setup.py egg_info --egg-base ../../build/localization build --build-base /home/leosun/ros2_ws/build/localization/build install --record /home/leosun/ros2_ws/build/localization/install.log --single-version-externally-managed install_data
[0.473s] running egg_info
[0.473s] writing ../../build/localization/localization.egg-info/PKG-INFO
[0.473s] writing dependency_links to ../../build/localization/localization.egg-info/dependency_links.txt
[0.474s] writing entry points to ../../build/localization/localization.egg-info/entry_points.txt
[0.474s] writing requirements to ../../build/localization/localization.egg-info/requires.txt
[0.474s] writing top-level names to ../../build/localization/localization.egg-info/top_level.txt
[0.475s] reading manifest file '../../build/localization/localization.egg-info/SOURCES.txt'
[0.475s] adding license file 'LICENSE'
[0.475s] writing manifest file '../../build/localization/localization.egg-info/SOURCES.txt'
[0.475s] running build
[0.475s] running build_py
[0.475s] running install
[0.476s] running install_lib
[0.476s] running install_data
[0.476s] copying launch/launch.xml -> /home/leosun/ros2_ws/install/localization/share/localization/launch
[0.476s] running install_egg_info
[0.478s] removing '/home/leosun/ros2_ws/install/localization/lib/python3.10/site-packages/localization-0.0.0-py3.10.egg-info' (and everything under it)
[0.479s] Copying ../../build/localization/localization.egg-info to /home/leosun/ros2_ws/install/localization/lib/python3.10/site-packages/localization-0.0.0-py3.10.egg-info
[0.480s] running install_scripts
[0.496s] Installing attitude_to_rpy script to /home/leosun/ros2_ws/install/localization/lib/localization
[0.499s] Installing camera0_publisher script to /home/leosun/ros2_ws/install/localization/lib/localization
[0.499s] Installing camera1_publisher script to /home/leosun/ros2_ws/install/localization/lib/localization
[0.499s] Installing dual_camera_detection script to /home/leosun/ros2_ws/install/localization/lib/localization
[0.499s] Installing pose_visualizer script to /home/leosun/ros2_ws/install/localization/lib/localization
[0.499s] Installing velocity_fusion script to /home/leosun/ros2_ws/install/localization/lib/localization
[0.500s] writing list of installed files to '/home/leosun/ros2_ws/build/localization/install.log'
[0.526s] Invoked command in '/home/leosun/ros2_ws/src/localization' returned '0': PYTHONPATH=/home/leosun/ros2_ws/build/localization/prefix_override:/usr/lib/python3/dist-packages/colcon_core/task/python/colcon_distutils_commands:/home/leosun/ros2_ws/install/localization/lib/python3.10/site-packages:${PYTHONPATH} /usr/bin/python3 -W ignore:setup.py install is deprecated -W ignore:easy_install command is deprecated setup.py egg_info --egg-base ../../build/localization build --build-base /home/leosun/ros2_ws/build/localization/build install --record /home/leosun/ros2_ws/build/localization/install.log --single-version-externally-managed install_data
