/home/leosun/ros2_ws/install/localization/lib/python3.10/site-packages/localization/pose_visualizer.py
/home/leosun/ros2_ws/install/localization/lib/python3.10/site-packages/localization/__init__.py
/home/leosun/ros2_ws/install/localization/lib/python3.10/site-packages/localization/ekf.py
/home/leosun/ros2_ws/install/localization/lib/python3.10/site-packages/localization/dual_camera_detection.py
/home/leosun/ros2_ws/install/localization/lib/python3.10/site-packages/localization/camera1_publisher.py
/home/leosun/ros2_ws/install/localization/lib/python3.10/site-packages/localization/velocity_fusion.py
/home/leosun/ros2_ws/install/localization/lib/python3.10/site-packages/localization/camera0_publisher.py
/home/leosun/ros2_ws/install/localization/lib/python3.10/site-packages/localization/__pycache__/pose_visualizer.cpython-310.pyc
/home/leosun/ros2_ws/install/localization/lib/python3.10/site-packages/localization/__pycache__/__init__.cpython-310.pyc
/home/leosun/ros2_ws/install/localization/lib/python3.10/site-packages/localization/__pycache__/ekf.cpython-310.pyc
/home/leosun/ros2_ws/install/localization/lib/python3.10/site-packages/localization/__pycache__/dual_camera_detection.cpython-310.pyc
/home/leosun/ros2_ws/install/localization/lib/python3.10/site-packages/localization/__pycache__/camera1_publisher.cpython-310.pyc
/home/leosun/ros2_ws/install/localization/lib/python3.10/site-packages/localization/__pycache__/velocity_fusion.cpython-310.pyc
/home/leosun/ros2_ws/install/localization/lib/python3.10/site-packages/localization/__pycache__/camera0_publisher.cpython-310.pyc
/home/leosun/ros2_ws/install/localization/share/ament_index/resource_index/packages/localization
/home/leosun/ros2_ws/install/localization/share/localization/package.xml
/home/leosun/ros2_ws/install/localization/share/localization/launch/launch.xml
/home/leosun/ros2_ws/install/localization/lib/python3.10/site-packages/localization-0.0.0-py3.10.egg-info/zip-safe
/home/leosun/ros2_ws/install/localization/lib/python3.10/site-packages/localization-0.0.0-py3.10.egg-info/top_level.txt
/home/leosun/ros2_ws/install/localization/lib/python3.10/site-packages/localization-0.0.0-py3.10.egg-info/dependency_links.txt
/home/leosun/ros2_ws/install/localization/lib/python3.10/site-packages/localization-0.0.0-py3.10.egg-info/SOURCES.txt
/home/leosun/ros2_ws/install/localization/lib/python3.10/site-packages/localization-0.0.0-py3.10.egg-info/requires.txt
/home/leosun/ros2_ws/install/localization/lib/python3.10/site-packages/localization-0.0.0-py3.10.egg-info/PKG-INFO
/home/leosun/ros2_ws/install/localization/lib/python3.10/site-packages/localization-0.0.0-py3.10.egg-info/entry_points.txt
/home/leosun/ros2_ws/install/localization/lib/localization/camera0_publisher
/home/leosun/ros2_ws/install/localization/lib/localization/camera1_publisher
/home/leosun/ros2_ws/install/localization/lib/localization/dual_camera_detection
/home/leosun/ros2_ws/install/localization/lib/localization/ekf
/home/leosun/ros2_ws/install/localization/lib/localization/pose_visualizer
/home/leosun/ros2_ws/install/localization/lib/localization/velocity_fusion
