[0.501s] Invoking command in '/home/leosun/ros2_ws/src/localization': PYTHONPATH=/home/leosun/ros2_ws/build/localization/prefix_override:/usr/lib/python3/dist-packages/colcon_core/task/python/colcon_distutils_commands:/home/leosun/ros2_ws/install/localization/lib/python3.10/site-packages:${PYTHONPATH} /usr/bin/python3 -W ignore:setup.py install is deprecated -W ignore:easy_install command is deprecated setup.py egg_info --egg-base ../../build/localization build --build-base /home/leosun/ros2_ws/build/localization/build install --record /home/leosun/ros2_ws/build/localization/install.log --single-version-externally-managed install_data
[0.595s] running egg_info
[0.595s] writing ../../build/localization/localization.egg-info/PKG-INFO
[0.596s] writing dependency_links to ../../build/localization/localization.egg-info/dependency_links.txt
[0.596s] writing entry points to ../../build/localization/localization.egg-info/entry_points.txt
[0.597s] writing requirements to ../../build/localization/localization.egg-info/requires.txt
[0.597s] writing top-level names to ../../build/localization/localization.egg-info/top_level.txt
[0.598s] reading manifest file '../../build/localization/localization.egg-info/SOURCES.txt'
[0.598s] adding license file 'LICENSE'
[0.599s] writing manifest file '../../build/localization/localization.egg-info/SOURCES.txt'
[0.599s] running build
[0.599s] running build_py
[0.600s] copying localization/pose_visualizer.py -> /home/leosun/ros2_ws/build/localization/build/lib/localization
[0.600s] copying localization/ekf.py -> /home/leosun/ros2_ws/build/localization/build/lib/localization
[0.601s] running install
[0.601s] running install_lib
[0.601s] copying /home/leosun/ros2_ws/build/localization/build/lib/localization/pose_visualizer.py -> /home/leosun/ros2_ws/install/localization/lib/python3.10/site-packages/localization
[0.602s] copying /home/leosun/ros2_ws/build/localization/build/lib/localization/ekf.py -> /home/leosun/ros2_ws/install/localization/lib/python3.10/site-packages/localization
[0.604s] byte-compiling /home/leosun/ros2_ws/install/localization/lib/python3.10/site-packages/localization/pose_visualizer.py to pose_visualizer.cpython-310.pyc
[0.604s] byte-compiling /home/leosun/ros2_ws/install/localization/lib/python3.10/site-packages/localization/ekf.py to ekf.cpython-310.pyc
[0.604s] running install_data
[0.604s] running install_egg_info
[0.606s] removing '/home/leosun/ros2_ws/install/localization/lib/python3.10/site-packages/localization-0.0.0-py3.10.egg-info' (and everything under it)
[0.606s] Copying ../../build/localization/localization.egg-info to /home/leosun/ros2_ws/install/localization/lib/python3.10/site-packages/localization-0.0.0-py3.10.egg-info
[0.607s] running install_scripts
[0.615s] Installing attitude_to_rpy script to /home/leosun/ros2_ws/install/localization/lib/localization
[0.616s] Installing camera0_publisher script to /home/leosun/ros2_ws/install/localization/lib/localization
[0.616s] Installing camera1_publisher script to /home/leosun/ros2_ws/install/localization/lib/localization
[0.617s] Installing dual_camera_detection script to /home/leosun/ros2_ws/install/localization/lib/localization
[0.617s] Installing ekf script to /home/leosun/ros2_ws/install/localization/lib/localization
[0.617s] Installing pose_visualizer script to /home/leosun/ros2_ws/install/localization/lib/localization
[0.618s] Installing velocity_fusion script to /home/leosun/ros2_ws/install/localization/lib/localization
[0.618s] writing list of installed files to '/home/leosun/ros2_ws/build/localization/install.log'
[0.633s] Invoked command in '/home/leosun/ros2_ws/src/localization' returned '0': PYTHONPATH=/home/leosun/ros2_ws/build/localization/prefix_override:/usr/lib/python3/dist-packages/colcon_core/task/python/colcon_distutils_commands:/home/leosun/ros2_ws/install/localization/lib/python3.10/site-packages:${PYTHONPATH} /usr/bin/python3 -W ignore:setup.py install is deprecated -W ignore:easy_install command is deprecated setup.py egg_info --egg-base ../../build/localization build --build-base /home/leosun/ros2_ws/build/localization/build install --record /home/leosun/ros2_ws/build/localization/install.log --single-version-externally-managed install_data
