[0.003s] Invoking command in '/home/leosun/ros2_ws/build/turtlesim': CMAKE_PREFIX_PATH=/opt/ros/humble /usr/bin/cmake /home/leosun/ros2_ws/src/ros_tutorials/turtlesim -DCMAKE_INSTALL_PREFIX=/home/leosun/ros2_ws/install/turtlesim
[0.049s] -- The C compiler identification is GNU 11.4.0
[0.071s] -- The CXX compiler identification is GNU 11.4.0
[0.074s] -- Detecting C compiler ABI info
[0.097s] -- Detecting C compiler ABI info - done
[0.100s] -- Check for working C compiler: /usr/bin/cc - skipped
[0.100s] -- Detecting C compile features
[0.100s] -- Detecting C compile features - done
[0.101s] -- Detecting CXX compiler ABI info
[0.129s] -- Detecting CXX compiler ABI info - done
[0.132s] -- Check for working CXX compiler: /usr/bin/c++ - skipped
[0.132s] -- Detecting CXX compile features
[0.132s] -- Detecting CXX compile features - done
[0.134s] -- Found ament_cmake: 1.3.12 (/opt/ros/humble/share/ament_cmake/cmake)
[0.188s] -- Found Python3: /usr/bin/python3 (found version "3.10.12") found components: Interpreter 
[0.217s] -- Found ament_index_cpp: 1.4.0 (/opt/ros/humble/share/ament_index_cpp/cmake)
[0.218s] -- Found geometry_msgs: 4.9.0 (/opt/ros/humble/share/geometry_msgs/cmake)
[0.230s] -- Found rosidl_generator_c: 3.1.8 (/opt/ros/humble/share/rosidl_generator_c/cmake)
[0.232s] -- Found rosidl_adapter: 3.1.8 (/opt/ros/humble/share/rosidl_adapter/cmake)
[0.235s] -- Found rosidl_generator_cpp: 3.1.8 (/opt/ros/humble/share/rosidl_generator_cpp/cmake)
[0.239s] -- Using all available rosidl_typesupport_c: rosidl_typesupport_fastrtps_c;rosidl_typesupport_introspection_c
[0.245s] -- Using all available rosidl_typesupport_cpp: rosidl_typesupport_fastrtps_cpp;rosidl_typesupport_introspection_cpp
[0.263s] -- Found rclcpp: 16.0.17 (/opt/ros/humble/share/rclcpp/cmake)
[0.275s] -- Found rmw_implementation_cmake: 6.1.2 (/opt/ros/humble/share/rmw_implementation_cmake/cmake)
[0.276s] -- Found rmw_fastrtps_cpp: 6.2.9 (/opt/ros/humble/share/rmw_fastrtps_cpp/cmake)
[0.301s] -- Found OpenSSL: /usr/lib/aarch64-linux-gnu/libcrypto.so (found version "3.0.2")  
[0.311s] -- Found FastRTPS: /opt/ros/humble/include  
[0.326s] -- Using RMW implementation 'rmw_fastrtps_cpp' as default
[0.329s] -- Looking for pthread.h
[0.354s] -- Looking for pthread.h - found
[0.354s] -- Performing Test CMAKE_HAVE_LIBC_PTHREAD
[0.381s] -- Performing Test CMAKE_HAVE_LIBC_PTHREAD - Success
[0.381s] -- Found Threads: TRUE  
[0.395s] -- Found rclcpp_action: 16.0.17 (/opt/ros/humble/share/rclcpp_action/cmake)
[0.408s] -- Found rosidl_default_generators: 1.2.0 (/opt/ros/humble/share/rosidl_default_generators/cmake)
[0.411s] -- Found std_srvs: 4.9.0 (/opt/ros/humble/share/std_srvs/cmake)
[0.525s] -- Found ament_cmake_ros: 0.10.0 (/opt/ros/humble/share/ament_cmake_ros/cmake)
[0.640s] -- Using all available rosidl_typesupport_c: rosidl_typesupport_fastrtps_c;rosidl_typesupport_introspection_c
[0.684s] -- Using all available rosidl_typesupport_cpp: rosidl_typesupport_fastrtps_cpp;rosidl_typesupport_introspection_cpp
[0.691s] -- Found PythonInterp: /usr/bin/python3 (found suitable version "3.10.12", minimum required is "3.6") 
[0.692s] -- Found python_cmake_module: 0.10.0 (/opt/ros/humble/share/python_cmake_module/cmake)
[0.701s] -- Found PythonLibs: /usr/lib/aarch64-linux-gnu/libpython3.10.so (found suitable version "3.10.12", minimum required is "3.5") 
[0.701s] -- Using PYTHON_EXECUTABLE: /usr/bin/python3
[0.701s] -- Using PYTHON_INCLUDE_DIRS: /usr/include/python3.10
[0.701s] -- Using PYTHON_LIBRARIES: /usr/lib/aarch64-linux-gnu/libpython3.10.so
[0.709s] -- Found PythonExtra: .so  
[0.727s] -- Configuring done
[0.749s] -- Generating done
[0.757s] -- Build files have been written to: /home/leosun/ros2_ws/build/turtlesim
[0.761s] Invoked command in '/home/leosun/ros2_ws/build/turtlesim' returned '0': CMAKE_PREFIX_PATH=/opt/ros/humble /usr/bin/cmake /home/leosun/ros2_ws/src/ros_tutorials/turtlesim -DCMAKE_INSTALL_PREFIX=/home/leosun/ros2_ws/install/turtlesim
[0.762s] Invoking command in '/home/leosun/ros2_ws/build/turtlesim': CMAKE_PREFIX_PATH=/opt/ros/humble /usr/bin/cmake --build /home/leosun/ros2_ws/build/turtlesim -- -j4 -l4
[0.776s] [  1%] [34m[1mGenerating C code for ROS interfaces[0m
[0.779s] [  2%] [34m[1mGenerating C++ code for ROS interfaces[0m
[0.781s] [  2%] Built target ament_cmake_python_copy_turtlesim
[0.869s] running egg_info
[0.870s] creating turtlesim.egg-info
[0.870s] writing turtlesim.egg-info/PKG-INFO
[0.870s] writing dependency_links to turtlesim.egg-info/dependency_links.txt
[0.870s] writing top-level names to turtlesim.egg-info/top_level.txt
[0.870s] writing manifest file 'turtlesim.egg-info/SOURCES.txt'
[0.871s] reading manifest file 'turtlesim.egg-info/SOURCES.txt'
[0.871s] writing manifest file 'turtlesim.egg-info/SOURCES.txt'
[0.882s] [  2%] Built target ament_cmake_python_build_turtlesim_egg
[1.141s] [  2%] Built target turtlesim__cpp
[1.144s] [  3%] [34m[1mGenerating C++ type support dispatch for ROS interfaces[0m
[1.149s] [  4%] [34m[1mGenerating C++ type support for eProsima Fast-RTPS[0m
[1.173s] [  5%] [34m[1mGenerating C++ introspection for ROS interfaces[0m
[1.178s] [  6%] [32mBuilding C object CMakeFiles/turtlesim__rosidl_generator_c.dir/rosidl_generator_c/turtlesim/action/detail/rotate_absolute__functions.c.o[0m
[1.231s] [  7%] [32mBuilding C object CMakeFiles/turtlesim__rosidl_generator_c.dir/rosidl_generator_c/turtlesim/msg/detail/color__functions.c.o[0m
[1.250s] [  8%] [32mBuilding C object CMakeFiles/turtlesim__rosidl_generator_c.dir/rosidl_generator_c/turtlesim/msg/detail/pose__functions.c.o[0m
[1.268s] [  9%] [32mBuilding C object CMakeFiles/turtlesim__rosidl_generator_c.dir/rosidl_generator_c/turtlesim/srv/detail/kill__functions.c.o[0m
[1.291s] [ 10%] [32mBuilding C object CMakeFiles/turtlesim__rosidl_generator_c.dir/rosidl_generator_c/turtlesim/srv/detail/set_pen__functions.c.o[0m
[1.312s] [ 11%] [32mBuilding C object CMakeFiles/turtlesim__rosidl_generator_c.dir/rosidl_generator_c/turtlesim/srv/detail/spawn__functions.c.o[0m
[1.334s] [ 12%] [32mBuilding C object CMakeFiles/turtlesim__rosidl_generator_c.dir/rosidl_generator_c/turtlesim/srv/detail/teleport_absolute__functions.c.o[0m
[1.357s] [ 13%] [32mBuilding C object CMakeFiles/turtlesim__rosidl_generator_c.dir/rosidl_generator_c/turtlesim/srv/detail/teleport_relative__functions.c.o[0m
[1.368s] [ 14%] [32mBuilding CXX object CMakeFiles/turtlesim__rosidl_typesupport_cpp.dir/rosidl_typesupport_cpp/turtlesim/action/rotate_absolute__type_support.cpp.o[0m
[1.379s] [ 15%] [32m[1mLinking C shared library libturtlesim__rosidl_generator_c.so[0m
[1.392s] [ 15%] Built target turtlesim__rosidl_generator_c
[1.395s] [ 16%] [32mBuilding CXX object CMakeFiles/turtlesim__rosidl_typesupport_cpp.dir/rosidl_typesupport_cpp/turtlesim/msg/color__type_support.cpp.o[0m
[1.457s] [ 17%] [32mBuilding CXX object CMakeFiles/turtlesim__rosidl_typesupport_introspection_cpp.dir/rosidl_typesupport_introspection_cpp/turtlesim/action/detail/rotate_absolute__type_support.cpp.o[0m
[1.488s] [ 18%] [32mBuilding CXX object CMakeFiles/turtlesim__rosidl_typesupport_fastrtps_cpp.dir/rosidl_typesupport_fastrtps_cpp/turtlesim/action/detail/dds_fastrtps/rotate_absolute__type_support.cpp.o[0m
[1.491s] [ 19%] [32mBuilding CXX object CMakeFiles/turtlesim__rosidl_typesupport_fastrtps_cpp.dir/rosidl_typesupport_fastrtps_cpp/turtlesim/msg/detail/dds_fastrtps/color__type_support.cpp.o[0m
[1.540s] [ 20%] [32mBuilding CXX object CMakeFiles/turtlesim__rosidl_typesupport_cpp.dir/rosidl_typesupport_cpp/turtlesim/msg/pose__type_support.cpp.o[0m
[1.656s] [ 21%] [32mBuilding CXX object CMakeFiles/turtlesim__rosidl_typesupport_fastrtps_cpp.dir/rosidl_typesupport_fastrtps_cpp/turtlesim/msg/detail/dds_fastrtps/pose__type_support.cpp.o[0m
[1.656s] [ 22%] [32mBuilding CXX object CMakeFiles/turtlesim__rosidl_typesupport_cpp.dir/rosidl_typesupport_cpp/turtlesim/srv/kill__type_support.cpp.o[0m
[1.708s] [ 23%] [32mBuilding CXX object CMakeFiles/turtlesim__rosidl_typesupport_introspection_cpp.dir/rosidl_typesupport_introspection_cpp/turtlesim/msg/detail/color__type_support.cpp.o[0m
[1.723s] [ 24%] [32mBuilding CXX object CMakeFiles/turtlesim__rosidl_typesupport_fastrtps_cpp.dir/rosidl_typesupport_fastrtps_cpp/turtlesim/srv/detail/dds_fastrtps/kill__type_support.cpp.o[0m
[1.761s] [ 25%] [32mBuilding CXX object CMakeFiles/turtlesim__rosidl_typesupport_cpp.dir/rosidl_typesupport_cpp/turtlesim/srv/set_pen__type_support.cpp.o[0m
[1.808s] [ 26%] [32mBuilding CXX object CMakeFiles/turtlesim__rosidl_typesupport_cpp.dir/rosidl_typesupport_cpp/turtlesim/srv/spawn__type_support.cpp.o[0m
[1.849s] [ 27%] [32mBuilding CXX object CMakeFiles/turtlesim__rosidl_typesupport_introspection_cpp.dir/rosidl_typesupport_introspection_cpp/turtlesim/msg/detail/pose__type_support.cpp.o[0m
[1.867s] [ 28%] [32mBuilding CXX object CMakeFiles/turtlesim__rosidl_typesupport_cpp.dir/rosidl_typesupport_cpp/turtlesim/srv/teleport_absolute__type_support.cpp.o[0m
[1.875s] [ 29%] [32mBuilding CXX object CMakeFiles/turtlesim__rosidl_typesupport_fastrtps_cpp.dir/rosidl_typesupport_fastrtps_cpp/turtlesim/srv/detail/dds_fastrtps/set_pen__type_support.cpp.o[0m
[1.907s] [ 30%] [32mBuilding CXX object CMakeFiles/turtlesim__rosidl_typesupport_fastrtps_cpp.dir/rosidl_typesupport_fastrtps_cpp/turtlesim/srv/detail/dds_fastrtps/spawn__type_support.cpp.o[0m
[1.963s] [ 31%] [32mBuilding CXX object CMakeFiles/turtlesim__rosidl_typesupport_cpp.dir/rosidl_typesupport_cpp/turtlesim/srv/teleport_relative__type_support.cpp.o[0m
[1.982s] [ 32%] [32mBuilding CXX object CMakeFiles/turtlesim__rosidl_typesupport_introspection_cpp.dir/rosidl_typesupport_introspection_cpp/turtlesim/srv/detail/kill__type_support.cpp.o[0m
[2.020s] [ 33%] [32mBuilding CXX object CMakeFiles/turtlesim__rosidl_typesupport_fastrtps_cpp.dir/rosidl_typesupport_fastrtps_cpp/turtlesim/srv/detail/dds_fastrtps/teleport_absolute__type_support.cpp.o[0m
[2.056s] [ 34%] [32mBuilding CXX object CMakeFiles/turtlesim__rosidl_typesupport_fastrtps_cpp.dir/rosidl_typesupport_fastrtps_cpp/turtlesim/srv/detail/dds_fastrtps/teleport_relative__type_support.cpp.o[0m
[2.072s] [ 35%] [32m[1mLinking CXX shared library libturtlesim__rosidl_typesupport_cpp.so[0m
[2.087s] [ 35%] Built target turtlesim__rosidl_typesupport_cpp
[2.090s] [ 36%] [34m[1mGenerating C type support for eProsima Fast-RTPS[0m
[2.119s] [ 37%] [32mBuilding CXX object CMakeFiles/turtlesim__rosidl_typesupport_introspection_cpp.dir/rosidl_typesupport_introspection_cpp/turtlesim/srv/detail/set_pen__type_support.cpp.o[0m
[2.175s] [ 38%] [34m[1mGenerating C introspection for ROS interfaces[0m
[2.212s] [ 39%] [32m[1mLinking CXX shared library libturtlesim__rosidl_typesupport_fastrtps_cpp.so[0m
[2.240s] [ 39%] Built target turtlesim__rosidl_typesupport_fastrtps_cpp
[2.245s] [ 40%] [34m[1mGenerating C type support dispatch for ROS interfaces[0m
[2.268s] [ 41%] [32mBuilding CXX object CMakeFiles/turtlesim__rosidl_typesupport_introspection_cpp.dir/rosidl_typesupport_introspection_cpp/turtlesim/srv/detail/spawn__type_support.cpp.o[0m
[2.405s] [ 42%] [32mBuilding CXX object CMakeFiles/turtlesim__rosidl_typesupport_introspection_cpp.dir/rosidl_typesupport_introspection_cpp/turtlesim/srv/detail/teleport_absolute__type_support.cpp.o[0m
[2.432s] [ 43%] [32mBuilding CXX object CMakeFiles/turtlesim__rosidl_typesupport_fastrtps_c.dir/rosidl_typesupport_fastrtps_c/turtlesim/action/detail/rotate_absolute__type_support_c.cpp.o[0m
[2.454s] [ 44%] [32mBuilding CXX object CMakeFiles/turtlesim__rosidl_typesupport_c.dir/rosidl_typesupport_c/turtlesim/action/rotate_absolute__type_support.cpp.o[0m
[2.472s] [ 45%] [32mBuilding CXX object CMakeFiles/turtlesim__rosidl_typesupport_c.dir/rosidl_typesupport_c/turtlesim/msg/color__type_support.cpp.o[0m
[2.482s] [ 46%] [32mBuilding C object CMakeFiles/turtlesim__rosidl_typesupport_introspection_c.dir/rosidl_typesupport_introspection_c/turtlesim/action/detail/rotate_absolute__type_support.c.o[0m
[2.484s] [ 47%] [32mBuilding CXX object CMakeFiles/turtlesim__rosidl_typesupport_c.dir/rosidl_typesupport_c/turtlesim/msg/pose__type_support.cpp.o[0m
[2.496s] [ 48%] [32mBuilding CXX object CMakeFiles/turtlesim__rosidl_typesupport_c.dir/rosidl_typesupport_c/turtlesim/srv/kill__type_support.cpp.o[0m
[2.500s] [ 49%] [32mBuilding C object CMakeFiles/turtlesim__rosidl_typesupport_introspection_c.dir/rosidl_typesupport_introspection_c/turtlesim/msg/detail/color__type_support.c.o[0m
[2.508s] [ 50%] [32mBuilding CXX object CMakeFiles/turtlesim__rosidl_typesupport_c.dir/rosidl_typesupport_c/turtlesim/srv/set_pen__type_support.cpp.o[0m
[2.513s] [ 51%] [32mBuilding C object CMakeFiles/turtlesim__rosidl_typesupport_introspection_c.dir/rosidl_typesupport_introspection_c/turtlesim/msg/detail/pose__type_support.c.o[0m
[2.520s] [ 52%] [32mBuilding CXX object CMakeFiles/turtlesim__rosidl_typesupport_c.dir/rosidl_typesupport_c/turtlesim/srv/spawn__type_support.cpp.o[0m
[2.525s] [ 53%] [32mBuilding C object CMakeFiles/turtlesim__rosidl_typesupport_introspection_c.dir/rosidl_typesupport_introspection_c/turtlesim/srv/detail/kill__type_support.c.o[0m
[2.532s] [ 54%] [32mBuilding CXX object CMakeFiles/turtlesim__rosidl_typesupport_c.dir/rosidl_typesupport_c/turtlesim/srv/teleport_absolute__type_support.cpp.o[0m
[2.540s] [ 55%] [32mBuilding C object CMakeFiles/turtlesim__rosidl_typesupport_introspection_c.dir/rosidl_typesupport_introspection_c/turtlesim/srv/detail/set_pen__type_support.c.o[0m
[2.545s] [ 56%] [32mBuilding CXX object CMakeFiles/turtlesim__rosidl_typesupport_introspection_cpp.dir/rosidl_typesupport_introspection_cpp/turtlesim/srv/detail/teleport_relative__type_support.cpp.o[0m
[2.546s] [ 57%] [32mBuilding CXX object CMakeFiles/turtlesim__rosidl_typesupport_c.dir/rosidl_typesupport_c/turtlesim/srv/teleport_relative__type_support.cpp.o[0m
[2.555s] [ 58%] [32mBuilding C object CMakeFiles/turtlesim__rosidl_typesupport_introspection_c.dir/rosidl_typesupport_introspection_c/turtlesim/srv/detail/spawn__type_support.c.o[0m
[2.562s] [ 59%] [32m[1mLinking CXX shared library libturtlesim__rosidl_typesupport_c.so[0m
[2.570s] [ 60%] [32mBuilding C object CMakeFiles/turtlesim__rosidl_typesupport_introspection_c.dir/rosidl_typesupport_introspection_c/turtlesim/srv/detail/teleport_absolute__type_support.c.o[0m
[2.570s] [ 61%] [32mBuilding CXX object CMakeFiles/turtlesim__rosidl_typesupport_fastrtps_c.dir/rosidl_typesupport_fastrtps_c/turtlesim/msg/detail/color__type_support_c.cpp.o[0m
[2.578s] [ 61%] Built target turtlesim__rosidl_typesupport_c
[2.581s] [ 62%] [34m[1mGenerating include/turtlesim/moc_turtle_frame.cpp[0m
[2.584s] [ 63%] [32mBuilding C object CMakeFiles/turtlesim__rosidl_typesupport_introspection_c.dir/rosidl_typesupport_introspection_c/turtlesim/srv/detail/teleport_relative__type_support.c.o[0m
[2.598s] [ 64%] [32m[1mLinking C shared library libturtlesim__rosidl_typesupport_introspection_c.so[0m
[2.610s] [ 65%] [32mBuilding CXX object CMakeFiles/turtlesim_node.dir/src/turtlesim.cpp.o[0m
[2.610s] [ 65%] Built target turtlesim__rosidl_typesupport_introspection_c
[2.617s] [ 66%] [32mBuilding CXX object CMakeFiles/turtle_teleop_key.dir/tutorials/teleop_turtle_key.cpp.o[0m
[2.684s] [ 67%] [32m[1mLinking CXX shared library libturtlesim__rosidl_typesupport_introspection_cpp.so[0m
[2.692s] [ 68%] [32mBuilding CXX object CMakeFiles/turtlesim__rosidl_typesupport_fastrtps_c.dir/rosidl_typesupport_fastrtps_c/turtlesim/msg/detail/pose__type_support_c.cpp.o[0m
[2.711s] [ 68%] Built target turtlesim__rosidl_typesupport_introspection_cpp
[2.718s] [ 69%] [32mBuilding CXX object CMakeFiles/draw_square.dir/tutorials/draw_square.cpp.o[0m
[2.812s] [ 70%] [32mBuilding CXX object CMakeFiles/turtlesim__rosidl_typesupport_fastrtps_c.dir/rosidl_typesupport_fastrtps_c/turtlesim/srv/detail/kill__type_support_c.cpp.o[0m
[2.970s] [ 71%] [32mBuilding CXX object CMakeFiles/turtlesim__rosidl_typesupport_fastrtps_c.dir/rosidl_typesupport_fastrtps_c/turtlesim/srv/detail/set_pen__type_support_c.cpp.o[0m
[3.120s] [ 72%] [32mBuilding CXX object CMakeFiles/turtlesim__rosidl_typesupport_fastrtps_c.dir/rosidl_typesupport_fastrtps_c/turtlesim/srv/detail/spawn__type_support_c.cpp.o[0m
[3.270s] [ 73%] [32mBuilding CXX object CMakeFiles/turtlesim__rosidl_typesupport_fastrtps_c.dir/rosidl_typesupport_fastrtps_c/turtlesim/srv/detail/teleport_absolute__type_support_c.cpp.o[0m
[3.420s] [ 74%] [32mBuilding CXX object CMakeFiles/turtlesim__rosidl_typesupport_fastrtps_c.dir/rosidl_typesupport_fastrtps_c/turtlesim/srv/detail/teleport_relative__type_support_c.cpp.o[0m
[3.563s] [ 75%] [32m[1mLinking CXX shared library libturtlesim__rosidl_typesupport_fastrtps_c.so[0m
[3.591s] [ 75%] Built target turtlesim__rosidl_typesupport_fastrtps_c
[3.598s] [ 76%] [32mBuilding CXX object CMakeFiles/mimic.dir/tutorials/mimic.cpp.o[0m
[4.607s] [ 77%] [32mBuilding CXX object CMakeFiles/turtlesim_node.dir/src/turtle.cpp.o[0m
[5.044s] [ 78%] [32m[1mLinking CXX executable turtle_teleop_key[0m
[5.166s] [ 78%] Built target turtle_teleop_key
[5.169s] [ 79%] [32mBuilding CXX object CMakeFiles/turtlesim_node.dir/src/turtle_frame.cpp.o[0m
[6.369s] [ 80%] [32m[1mLinking CXX executable draw_square[0m
[6.597s] [ 80%] Built target draw_square
[6.606s] [ 80%] Built target turtlesim
[6.609s] [ 81%] [32mBuilding CXX object CMakeFiles/turtlesim_node.dir/include/turtlesim/moc_turtle_frame.cpp.o[0m
[6.987s] [ 82%] [32m[1mLinking CXX executable mimic[0m
[7.192s] [ 82%] Built target mimic
[7.198s] [ 83%] [34m[1mGenerating Python code for ROS interfaces[0m
[7.901s] [ 83%] Built target turtlesim__py
[7.908s] [ 84%] [32mBuilding C object CMakeFiles/turtlesim__rosidl_generator_py.dir/rosidl_generator_py/turtlesim/action/_rotate_absolute_s.c.o[0m
[7.976s] [ 85%] [32mBuilding C object CMakeFiles/turtlesim__rosidl_generator_py.dir/rosidl_generator_py/turtlesim/msg/_color_s.c.o[0m
[8.017s] [ 86%] [32mBuilding C object CMakeFiles/turtlesim__rosidl_generator_py.dir/rosidl_generator_py/turtlesim/msg/_pose_s.c.o[0m
[8.062s] [ 87%] [32mBuilding C object CMakeFiles/turtlesim__rosidl_generator_py.dir/rosidl_generator_py/turtlesim/srv/_kill_s.c.o[0m
[8.106s] [ 88%] [32mBuilding C object CMakeFiles/turtlesim__rosidl_generator_py.dir/rosidl_generator_py/turtlesim/srv/_set_pen_s.c.o[0m
[8.152s] [ 89%] [32mBuilding C object CMakeFiles/turtlesim__rosidl_generator_py.dir/rosidl_generator_py/turtlesim/srv/_spawn_s.c.o[0m
[8.199s] [ 90%] [32mBuilding C object CMakeFiles/turtlesim__rosidl_generator_py.dir/rosidl_generator_py/turtlesim/srv/_teleport_absolute_s.c.o[0m
[8.244s] [ 91%] [32mBuilding C object CMakeFiles/turtlesim__rosidl_generator_py.dir/rosidl_generator_py/turtlesim/srv/_teleport_relative_s.c.o[0m
[8.287s] [ 92%] [32m[1mLinking C shared library rosidl_generator_py/turtlesim/libturtlesim__rosidl_generator_py.so[0m
[8.303s] [ 92%] Built target turtlesim__rosidl_generator_py
[8.310s] [ 94%] [32mBuilding C object CMakeFiles/turtlesim__rosidl_typesupport_introspection_c__pyext.dir/rosidl_generator_py/turtlesim/_turtlesim_s.ep.rosidl_typesupport_introspection_c.c.o[0m
[8.310s] [ 94%] [32mBuilding C object CMakeFiles/turtlesim__rosidl_typesupport_fastrtps_c__pyext.dir/rosidl_generator_py/turtlesim/_turtlesim_s.ep.rosidl_typesupport_fastrtps_c.c.o[0m
[8.372s] [ 95%] [32m[1mLinking C shared library rosidl_generator_py/turtlesim/turtlesim_s__rosidl_typesupport_introspection_c.cpython-310-aarch64-linux-gnu.so[0m
[8.375s] [ 96%] [32m[1mLinking C shared library rosidl_generator_py/turtlesim/turtlesim_s__rosidl_typesupport_fastrtps_c.cpython-310-aarch64-linux-gnu.so[0m
[8.393s] [ 96%] Built target turtlesim__rosidl_typesupport_introspection_c__pyext
[8.394s] [ 96%] Built target turtlesim__rosidl_typesupport_fastrtps_c__pyext
[8.400s] [ 97%] [32mBuilding C object CMakeFiles/turtlesim__rosidl_typesupport_c__pyext.dir/rosidl_generator_py/turtlesim/_turtlesim_s.ep.rosidl_typesupport_c.c.o[0m
[8.465s] [ 98%] [32m[1mLinking C shared library rosidl_generator_py/turtlesim/turtlesim_s__rosidl_typesupport_c.cpython-310-aarch64-linux-gnu.so[0m
[8.480s] [ 98%] Built target turtlesim__rosidl_typesupport_c__pyext
[9.595s] [100%] [32m[1mLinking CXX executable turtlesim_node[0m
[10.456s] [100%] Built target turtlesim_node
[10.461s] Invoked command in '/home/leosun/ros2_ws/build/turtlesim' returned '0': CMAKE_PREFIX_PATH=/opt/ros/humble /usr/bin/cmake --build /home/leosun/ros2_ws/build/turtlesim -- -j4 -l4
[10.465s] Invoking command in '/home/leosun/ros2_ws/build/turtlesim': CMAKE_PREFIX_PATH=/opt/ros/humble /usr/bin/cmake --install /home/leosun/ros2_ws/build/turtlesim
[10.471s] -- Install configuration: ""
[10.471s] -- Installing: /home/leosun/ros2_ws/install/turtlesim/share/ament_index/resource_index/rosidl_interfaces/turtlesim
[10.471s] -- Installing: /home/leosun/ros2_ws/install/turtlesim/include/turtlesim/turtlesim
[10.471s] -- Installing: /home/leosun/ros2_ws/install/turtlesim/include/turtlesim/turtlesim/srv
[10.471s] -- Installing: /home/leosun/ros2_ws/install/turtlesim/include/turtlesim/turtlesim/srv/detail
[10.472s] -- Installing: /home/leosun/ros2_ws/install/turtlesim/include/turtlesim/turtlesim/srv/detail/teleport_relative__functions.c
[10.472s] -- Installing: /home/leosun/ros2_ws/install/turtlesim/include/turtlesim/turtlesim/srv/detail/set_pen__functions.c
[10.472s] -- Installing: /home/leosun/ros2_ws/install/turtlesim/include/turtlesim/turtlesim/srv/detail/set_pen__type_support.h
[10.472s] -- Installing: /home/leosun/ros2_ws/install/turtlesim/include/turtlesim/turtlesim/srv/detail/spawn__functions.c
[10.472s] -- Installing: /home/leosun/ros2_ws/install/turtlesim/include/turtlesim/turtlesim/srv/detail/teleport_relative__functions.h
[10.472s] -- Installing: /home/leosun/ros2_ws/install/turtlesim/include/turtlesim/turtlesim/srv/detail/teleport_absolute__functions.h
[10.472s] -- Installing: /home/leosun/ros2_ws/install/turtlesim/include/turtlesim/turtlesim/srv/detail/teleport_relative__struct.h
[10.472s] -- Installing: /home/leosun/ros2_ws/install/turtlesim/include/turtlesim/turtlesim/srv/detail/kill__functions.h
[10.472s] -- Installing: /home/leosun/ros2_ws/install/turtlesim/include/turtlesim/turtlesim/srv/detail/spawn__type_support.h
[10.472s] -- Installing: /home/leosun/ros2_ws/install/turtlesim/include/turtlesim/turtlesim/srv/detail/set_pen__struct.h
[10.472s] -- Installing: /home/leosun/ros2_ws/install/turtlesim/include/turtlesim/turtlesim/srv/detail/kill__functions.c
[10.472s] -- Installing: /home/leosun/ros2_ws/install/turtlesim/include/turtlesim/turtlesim/srv/detail/set_pen__functions.h
[10.473s] -- Installing: /home/leosun/ros2_ws/install/turtlesim/include/turtlesim/turtlesim/srv/detail/spawn__struct.h
[10.473s] -- Installing: /home/leosun/ros2_ws/install/turtlesim/include/turtlesim/turtlesim/srv/detail/teleport_absolute__type_support.h
[10.473s] -- Installing: /home/leosun/ros2_ws/install/turtlesim/include/turtlesim/turtlesim/srv/detail/kill__struct.h
[10.473s] -- Installing: /home/leosun/ros2_ws/install/turtlesim/include/turtlesim/turtlesim/srv/detail/teleport_relative__type_support.h
[10.473s] -- Installing: /home/leosun/ros2_ws/install/turtlesim/include/turtlesim/turtlesim/srv/detail/spawn__functions.h
[10.473s] -- Installing: /home/leosun/ros2_ws/install/turtlesim/include/turtlesim/turtlesim/srv/detail/teleport_absolute__functions.c
[10.473s] -- Installing: /home/leosun/ros2_ws/install/turtlesim/include/turtlesim/turtlesim/srv/detail/teleport_absolute__struct.h
[10.473s] -- Installing: /home/leosun/ros2_ws/install/turtlesim/include/turtlesim/turtlesim/srv/detail/kill__type_support.h
[10.473s] -- Installing: /home/leosun/ros2_ws/install/turtlesim/include/turtlesim/turtlesim/srv/set_pen.h
[10.473s] -- Installing: /home/leosun/ros2_ws/install/turtlesim/include/turtlesim/turtlesim/srv/teleport_relative.h
[10.473s] -- Installing: /home/leosun/ros2_ws/install/turtlesim/include/turtlesim/turtlesim/srv/spawn.h
[10.473s] -- Installing: /home/leosun/ros2_ws/install/turtlesim/include/turtlesim/turtlesim/srv/teleport_absolute.h
[10.473s] -- Installing: /home/leosun/ros2_ws/install/turtlesim/include/turtlesim/turtlesim/srv/kill.h
[10.473s] -- Installing: /home/leosun/ros2_ws/install/turtlesim/include/turtlesim/turtlesim/msg
[10.473s] -- Installing: /home/leosun/ros2_ws/install/turtlesim/include/turtlesim/turtlesim/msg/pose.h
[10.474s] -- Installing: /home/leosun/ros2_ws/install/turtlesim/include/turtlesim/turtlesim/msg/rosidl_generator_c__visibility_control.h
[10.474s] -- Installing: /home/leosun/ros2_ws/install/turtlesim/include/turtlesim/turtlesim/msg/detail
[10.474s] -- Installing: /home/leosun/ros2_ws/install/turtlesim/include/turtlesim/turtlesim/msg/detail/color__functions.c
[10.474s] -- Installing: /home/leosun/ros2_ws/install/turtlesim/include/turtlesim/turtlesim/msg/detail/color__functions.h
[10.474s] -- Installing: /home/leosun/ros2_ws/install/turtlesim/include/turtlesim/turtlesim/msg/detail/pose__functions.h
[10.474s] -- Installing: /home/leosun/ros2_ws/install/turtlesim/include/turtlesim/turtlesim/msg/detail/color__type_support.h
[10.474s] -- Installing: /home/leosun/ros2_ws/install/turtlesim/include/turtlesim/turtlesim/msg/detail/pose__struct.h
[10.474s] -- Installing: /home/leosun/ros2_ws/install/turtlesim/include/turtlesim/turtlesim/msg/detail/pose__functions.c
[10.474s] -- Installing: /home/leosun/ros2_ws/install/turtlesim/include/turtlesim/turtlesim/msg/detail/pose__type_support.h
[10.474s] -- Installing: /home/leosun/ros2_ws/install/turtlesim/include/turtlesim/turtlesim/msg/detail/color__struct.h
[10.474s] -- Installing: /home/leosun/ros2_ws/install/turtlesim/include/turtlesim/turtlesim/msg/color.h
[10.474s] -- Installing: /home/leosun/ros2_ws/install/turtlesim/include/turtlesim/turtlesim/action
[10.474s] -- Installing: /home/leosun/ros2_ws/install/turtlesim/include/turtlesim/turtlesim/action/rotate_absolute.h
[10.474s] -- Installing: /home/leosun/ros2_ws/install/turtlesim/include/turtlesim/turtlesim/action/detail
[10.474s] -- Installing: /home/leosun/ros2_ws/install/turtlesim/include/turtlesim/turtlesim/action/detail/rotate_absolute__functions.c
[10.475s] -- Installing: /home/leosun/ros2_ws/install/turtlesim/include/turtlesim/turtlesim/action/detail/rotate_absolute__functions.h
[10.475s] -- Installing: /home/leosun/ros2_ws/install/turtlesim/include/turtlesim/turtlesim/action/detail/rotate_absolute__type_support.h
[10.475s] -- Installing: /home/leosun/ros2_ws/install/turtlesim/include/turtlesim/turtlesim/action/detail/rotate_absolute__struct.h
[10.475s] -- Installing: /home/leosun/ros2_ws/install/turtlesim/share/turtlesim/environment/library_path.sh
[10.475s] -- Installing: /home/leosun/ros2_ws/install/turtlesim/share/turtlesim/environment/library_path.dsv
[10.475s] -- Installing: /home/leosun/ros2_ws/install/turtlesim/lib/libturtlesim__rosidl_generator_c.so
[10.475s] -- Set runtime path of "/home/leosun/ros2_ws/install/turtlesim/lib/libturtlesim__rosidl_generator_c.so" to ""
[10.475s] -- Up-to-date: /home/leosun/ros2_ws/install/turtlesim/include/turtlesim/turtlesim
[10.475s] -- Up-to-date: /home/leosun/ros2_ws/install/turtlesim/include/turtlesim/turtlesim/srv
[10.475s] -- Up-to-date: /home/leosun/ros2_ws/install/turtlesim/include/turtlesim/turtlesim/srv/detail
[10.475s] -- Installing: /home/leosun/ros2_ws/install/turtlesim/include/turtlesim/turtlesim/srv/detail/teleport_relative__rosidl_typesupport_fastrtps_c.h
[10.475s] -- Installing: /home/leosun/ros2_ws/install/turtlesim/include/turtlesim/turtlesim/srv/detail/spawn__rosidl_typesupport_fastrtps_c.h
[10.476s] -- Installing: /home/leosun/ros2_ws/install/turtlesim/include/turtlesim/turtlesim/srv/detail/set_pen__rosidl_typesupport_fastrtps_c.h
[10.476s] -- Installing: /home/leosun/ros2_ws/install/turtlesim/include/turtlesim/turtlesim/srv/detail/kill__rosidl_typesupport_fastrtps_c.h
[10.476s] -- Installing: /home/leosun/ros2_ws/install/turtlesim/include/turtlesim/turtlesim/srv/detail/teleport_absolute__rosidl_typesupport_fastrtps_c.h
[10.476s] -- Up-to-date: /home/leosun/ros2_ws/install/turtlesim/include/turtlesim/turtlesim/msg
[10.476s] -- Up-to-date: /home/leosun/ros2_ws/install/turtlesim/include/turtlesim/turtlesim/msg/detail
[10.476s] -- Installing: /home/leosun/ros2_ws/install/turtlesim/include/turtlesim/turtlesim/msg/detail/color__rosidl_typesupport_fastrtps_c.h
[10.476s] -- Installing: /home/leosun/ros2_ws/install/turtlesim/include/turtlesim/turtlesim/msg/detail/pose__rosidl_typesupport_fastrtps_c.h
[10.476s] -- Installing: /home/leosun/ros2_ws/install/turtlesim/include/turtlesim/turtlesim/msg/rosidl_typesupport_fastrtps_c__visibility_control.h
[10.476s] -- Up-to-date: /home/leosun/ros2_ws/install/turtlesim/include/turtlesim/turtlesim/action
[10.476s] -- Up-to-date: /home/leosun/ros2_ws/install/turtlesim/include/turtlesim/turtlesim/action/detail
[10.476s] -- Installing: /home/leosun/ros2_ws/install/turtlesim/include/turtlesim/turtlesim/action/detail/rotate_absolute__rosidl_typesupport_fastrtps_c.h
[10.476s] -- Installing: /home/leosun/ros2_ws/install/turtlesim/lib/libturtlesim__rosidl_typesupport_fastrtps_c.so
[10.476s] -- Set runtime path of "/home/leosun/ros2_ws/install/turtlesim/lib/libturtlesim__rosidl_typesupport_fastrtps_c.so" to ""
[10.476s] -- Up-to-date: /home/leosun/ros2_ws/install/turtlesim/include/turtlesim/turtlesim
[10.476s] -- Up-to-date: /home/leosun/ros2_ws/install/turtlesim/include/turtlesim/turtlesim/srv
[10.476s] -- Installing: /home/leosun/ros2_ws/install/turtlesim/include/turtlesim/turtlesim/srv/set_pen.hpp
[10.477s] -- Up-to-date: /home/leosun/ros2_ws/install/turtlesim/include/turtlesim/turtlesim/srv/detail
[10.477s] -- Installing: /home/leosun/ros2_ws/install/turtlesim/include/turtlesim/turtlesim/srv/detail/spawn__traits.hpp
[10.477s] -- Installing: /home/leosun/ros2_ws/install/turtlesim/include/turtlesim/turtlesim/srv/detail/kill__builder.hpp
[10.477s] -- Installing: /home/leosun/ros2_ws/install/turtlesim/include/turtlesim/turtlesim/srv/detail/kill__type_support.hpp
[10.477s] -- Installing: /home/leosun/ros2_ws/install/turtlesim/include/turtlesim/turtlesim/srv/detail/teleport_relative__type_support.hpp
[10.477s] -- Installing: /home/leosun/ros2_ws/install/turtlesim/include/turtlesim/turtlesim/srv/detail/teleport_relative__struct.hpp
[10.477s] -- Installing: /home/leosun/ros2_ws/install/turtlesim/include/turtlesim/turtlesim/srv/detail/teleport_absolute__builder.hpp
[10.477s] -- Installing: /home/leosun/ros2_ws/install/turtlesim/include/turtlesim/turtlesim/srv/detail/set_pen__struct.hpp
[10.477s] -- Installing: /home/leosun/ros2_ws/install/turtlesim/include/turtlesim/turtlesim/srv/detail/kill__traits.hpp
[10.477s] -- Installing: /home/leosun/ros2_ws/install/turtlesim/include/turtlesim/turtlesim/srv/detail/teleport_absolute__traits.hpp
[10.477s] -- Installing: /home/leosun/ros2_ws/install/turtlesim/include/turtlesim/turtlesim/srv/detail/teleport_absolute__type_support.hpp
[10.477s] -- Installing: /home/leosun/ros2_ws/install/turtlesim/include/turtlesim/turtlesim/srv/detail/set_pen__traits.hpp
[10.477s] -- Installing: /home/leosun/ros2_ws/install/turtlesim/include/turtlesim/turtlesim/srv/detail/spawn__builder.hpp
[10.477s] -- Installing: /home/leosun/ros2_ws/install/turtlesim/include/turtlesim/turtlesim/srv/detail/set_pen__type_support.hpp
[10.478s] -- Installing: /home/leosun/ros2_ws/install/turtlesim/include/turtlesim/turtlesim/srv/detail/teleport_relative__builder.hpp
[10.478s] -- Installing: /home/leosun/ros2_ws/install/turtlesim/include/turtlesim/turtlesim/srv/detail/teleport_relative__traits.hpp
[10.478s] -- Installing: /home/leosun/ros2_ws/install/turtlesim/include/turtlesim/turtlesim/srv/detail/teleport_absolute__struct.hpp
[10.478s] -- Installing: /home/leosun/ros2_ws/install/turtlesim/include/turtlesim/turtlesim/srv/detail/spawn__type_support.hpp
[10.478s] -- Installing: /home/leosun/ros2_ws/install/turtlesim/include/turtlesim/turtlesim/srv/detail/kill__struct.hpp
[10.478s] -- Installing: /home/leosun/ros2_ws/install/turtlesim/include/turtlesim/turtlesim/srv/detail/spawn__struct.hpp
[10.478s] -- Installing: /home/leosun/ros2_ws/install/turtlesim/include/turtlesim/turtlesim/srv/detail/set_pen__builder.hpp
[10.478s] -- Installing: /home/leosun/ros2_ws/install/turtlesim/include/turtlesim/turtlesim/srv/kill.hpp
[10.478s] -- Installing: /home/leosun/ros2_ws/install/turtlesim/include/turtlesim/turtlesim/srv/teleport_absolute.hpp
[10.479s] -- Installing: /home/leosun/ros2_ws/install/turtlesim/include/turtlesim/turtlesim/srv/spawn.hpp
[10.479s] -- Installing: /home/leosun/ros2_ws/install/turtlesim/include/turtlesim/turtlesim/srv/teleport_relative.hpp
[10.479s] -- Up-to-date: /home/leosun/ros2_ws/install/turtlesim/include/turtlesim/turtlesim/msg
[10.479s] -- Installing: /home/leosun/ros2_ws/install/turtlesim/include/turtlesim/turtlesim/msg/color.hpp
[10.479s] -- Up-to-date: /home/leosun/ros2_ws/install/turtlesim/include/turtlesim/turtlesim/msg/detail
[10.479s] -- Installing: /home/leosun/ros2_ws/install/turtlesim/include/turtlesim/turtlesim/msg/detail/pose__type_support.hpp
[10.479s] -- Installing: /home/leosun/ros2_ws/install/turtlesim/include/turtlesim/turtlesim/msg/detail/color__struct.hpp
[10.479s] -- Installing: /home/leosun/ros2_ws/install/turtlesim/include/turtlesim/turtlesim/msg/detail/pose__struct.hpp
[10.479s] -- Installing: /home/leosun/ros2_ws/install/turtlesim/include/turtlesim/turtlesim/msg/detail/color__traits.hpp
[10.479s] -- Installing: /home/leosun/ros2_ws/install/turtlesim/include/turtlesim/turtlesim/msg/detail/pose__builder.hpp
[10.479s] -- Installing: /home/leosun/ros2_ws/install/turtlesim/include/turtlesim/turtlesim/msg/detail/color__type_support.hpp
[10.479s] -- Installing: /home/leosun/ros2_ws/install/turtlesim/include/turtlesim/turtlesim/msg/detail/color__builder.hpp
[10.479s] -- Installing: /home/leosun/ros2_ws/install/turtlesim/include/turtlesim/turtlesim/msg/detail/pose__traits.hpp
[10.480s] -- Installing: /home/leosun/ros2_ws/install/turtlesim/include/turtlesim/turtlesim/msg/rosidl_generator_cpp__visibility_control.hpp
[10.480s] -- Installing: /home/leosun/ros2_ws/install/turtlesim/include/turtlesim/turtlesim/msg/pose.hpp
[10.480s] -- Up-to-date: /home/leosun/ros2_ws/install/turtlesim/include/turtlesim/turtlesim/action
[10.480s] -- Up-to-date: /home/leosun/ros2_ws/install/turtlesim/include/turtlesim/turtlesim/action/detail
[10.480s] -- Installing: /home/leosun/ros2_ws/install/turtlesim/include/turtlesim/turtlesim/action/detail/rotate_absolute__type_support.hpp
[10.480s] -- Installing: /home/leosun/ros2_ws/install/turtlesim/include/turtlesim/turtlesim/action/detail/rotate_absolute__traits.hpp
[10.480s] -- Installing: /home/leosun/ros2_ws/install/turtlesim/include/turtlesim/turtlesim/action/detail/rotate_absolute__builder.hpp
[10.480s] -- Installing: /home/leosun/ros2_ws/install/turtlesim/include/turtlesim/turtlesim/action/detail/rotate_absolute__struct.hpp
[10.480s] -- Installing: /home/leosun/ros2_ws/install/turtlesim/include/turtlesim/turtlesim/action/rotate_absolute.hpp
[10.480s] -- Up-to-date: /home/leosun/ros2_ws/install/turtlesim/include/turtlesim/turtlesim
[10.480s] -- Up-to-date: /home/leosun/ros2_ws/install/turtlesim/include/turtlesim/turtlesim/srv
[10.480s] -- Up-to-date: /home/leosun/ros2_ws/install/turtlesim/include/turtlesim/turtlesim/srv/detail
[10.480s] -- Installing: /home/leosun/ros2_ws/install/turtlesim/include/turtlesim/turtlesim/srv/detail/teleport_absolute__rosidl_typesupport_fastrtps_cpp.hpp
[10.480s] -- Installing: /home/leosun/ros2_ws/install/turtlesim/include/turtlesim/turtlesim/srv/detail/teleport_relative__rosidl_typesupport_fastrtps_cpp.hpp
[10.480s] -- Installing: /home/leosun/ros2_ws/install/turtlesim/include/turtlesim/turtlesim/srv/detail/dds_fastrtps
[10.480s] -- Installing: /home/leosun/ros2_ws/install/turtlesim/include/turtlesim/turtlesim/srv/detail/set_pen__rosidl_typesupport_fastrtps_cpp.hpp
[10.481s] -- Installing: /home/leosun/ros2_ws/install/turtlesim/include/turtlesim/turtlesim/srv/detail/spawn__rosidl_typesupport_fastrtps_cpp.hpp
[10.481s] -- Installing: /home/leosun/ros2_ws/install/turtlesim/include/turtlesim/turtlesim/srv/detail/kill__rosidl_typesupport_fastrtps_cpp.hpp
[10.481s] -- Up-to-date: /home/leosun/ros2_ws/install/turtlesim/include/turtlesim/turtlesim/msg
[10.481s] -- Up-to-date: /home/leosun/ros2_ws/install/turtlesim/include/turtlesim/turtlesim/msg/detail
[10.481s] -- Installing: /home/leosun/ros2_ws/install/turtlesim/include/turtlesim/turtlesim/msg/detail/color__rosidl_typesupport_fastrtps_cpp.hpp
[10.481s] -- Installing: /home/leosun/ros2_ws/install/turtlesim/include/turtlesim/turtlesim/msg/detail/dds_fastrtps
[10.481s] -- Installing: /home/leosun/ros2_ws/install/turtlesim/include/turtlesim/turtlesim/msg/detail/pose__rosidl_typesupport_fastrtps_cpp.hpp
[10.481s] -- Installing: /home/leosun/ros2_ws/install/turtlesim/include/turtlesim/turtlesim/msg/rosidl_typesupport_fastrtps_cpp__visibility_control.h
[10.481s] -- Up-to-date: /home/leosun/ros2_ws/install/turtlesim/include/turtlesim/turtlesim/action
[10.481s] -- Up-to-date: /home/leosun/ros2_ws/install/turtlesim/include/turtlesim/turtlesim/action/detail
[10.481s] -- Installing: /home/leosun/ros2_ws/install/turtlesim/include/turtlesim/turtlesim/action/detail/dds_fastrtps
[10.481s] -- Installing: /home/leosun/ros2_ws/install/turtlesim/include/turtlesim/turtlesim/action/detail/rotate_absolute__rosidl_typesupport_fastrtps_cpp.hpp
[10.481s] -- Installing: /home/leosun/ros2_ws/install/turtlesim/lib/libturtlesim__rosidl_typesupport_fastrtps_cpp.so
[10.481s] -- Set runtime path of "/home/leosun/ros2_ws/install/turtlesim/lib/libturtlesim__rosidl_typesupport_fastrtps_cpp.so" to ""
[10.482s] -- Up-to-date: /home/leosun/ros2_ws/install/turtlesim/include/turtlesim/turtlesim
[10.482s] -- Up-to-date: /home/leosun/ros2_ws/install/turtlesim/include/turtlesim/turtlesim/srv
[10.482s] -- Up-to-date: /home/leosun/ros2_ws/install/turtlesim/include/turtlesim/turtlesim/srv/detail
[10.482s] -- Installing: /home/leosun/ros2_ws/install/turtlesim/include/turtlesim/turtlesim/srv/detail/set_pen__type_support.c
[10.482s] -- Installing: /home/leosun/ros2_ws/install/turtlesim/include/turtlesim/turtlesim/srv/detail/spawn__type_support.c
[10.482s] -- Installing: /home/leosun/ros2_ws/install/turtlesim/include/turtlesim/turtlesim/srv/detail/teleport_relative__type_support.c
[10.482s] -- Installing: /home/leosun/ros2_ws/install/turtlesim/include/turtlesim/turtlesim/srv/detail/teleport_absolute__rosidl_typesupport_introspection_c.h
[10.482s] -- Installing: /home/leosun/ros2_ws/install/turtlesim/include/turtlesim/turtlesim/srv/detail/kill__type_support.c
[10.482s] -- Installing: /home/leosun/ros2_ws/install/turtlesim/include/turtlesim/turtlesim/srv/detail/kill__rosidl_typesupport_introspection_c.h
[10.482s] -- Installing: /home/leosun/ros2_ws/install/turtlesim/include/turtlesim/turtlesim/srv/detail/set_pen__rosidl_typesupport_introspection_c.h
[10.482s] -- Installing: /home/leosun/ros2_ws/install/turtlesim/include/turtlesim/turtlesim/srv/detail/spawn__rosidl_typesupport_introspection_c.h
[10.482s] -- Installing: /home/leosun/ros2_ws/install/turtlesim/include/turtlesim/turtlesim/srv/detail/teleport_relative__rosidl_typesupport_introspection_c.h
[10.482s] -- Installing: /home/leosun/ros2_ws/install/turtlesim/include/turtlesim/turtlesim/srv/detail/teleport_absolute__type_support.c
[10.482s] -- Up-to-date: /home/leosun/ros2_ws/install/turtlesim/include/turtlesim/turtlesim/msg
[10.482s] -- Installing: /home/leosun/ros2_ws/install/turtlesim/include/turtlesim/turtlesim/msg/rosidl_typesupport_introspection_c__visibility_control.h
[10.483s] -- Up-to-date: /home/leosun/ros2_ws/install/turtlesim/include/turtlesim/turtlesim/msg/detail
[10.483s] -- Installing: /home/leosun/ros2_ws/install/turtlesim/include/turtlesim/turtlesim/msg/detail/color__type_support.c
[10.483s] -- Installing: /home/leosun/ros2_ws/install/turtlesim/include/turtlesim/turtlesim/msg/detail/pose__rosidl_typesupport_introspection_c.h
[10.483s] -- Installing: /home/leosun/ros2_ws/install/turtlesim/include/turtlesim/turtlesim/msg/detail/pose__type_support.c
[10.483s] -- Installing: /home/leosun/ros2_ws/install/turtlesim/include/turtlesim/turtlesim/msg/detail/color__rosidl_typesupport_introspection_c.h
[10.483s] -- Up-to-date: /home/leosun/ros2_ws/install/turtlesim/include/turtlesim/turtlesim/action
[10.483s] -- Up-to-date: /home/leosun/ros2_ws/install/turtlesim/include/turtlesim/turtlesim/action/detail
[10.483s] -- Installing: /home/leosun/ros2_ws/install/turtlesim/include/turtlesim/turtlesim/action/detail/rotate_absolute__rosidl_typesupport_introspection_c.h
[10.483s] -- Installing: /home/leosun/ros2_ws/install/turtlesim/include/turtlesim/turtlesim/action/detail/rotate_absolute__type_support.c
[10.483s] -- Installing: /home/leosun/ros2_ws/install/turtlesim/lib/libturtlesim__rosidl_typesupport_introspection_c.so
[10.484s] -- Set runtime path of "/home/leosun/ros2_ws/install/turtlesim/lib/libturtlesim__rosidl_typesupport_introspection_c.so" to ""
[10.484s] -- Installing: /home/leosun/ros2_ws/install/turtlesim/lib/libturtlesim__rosidl_typesupport_c.so
[10.484s] -- Set runtime path of "/home/leosun/ros2_ws/install/turtlesim/lib/libturtlesim__rosidl_typesupport_c.so" to ""
[10.484s] -- Up-to-date: /home/leosun/ros2_ws/install/turtlesim/include/turtlesim/turtlesim
[10.484s] -- Up-to-date: /home/leosun/ros2_ws/install/turtlesim/include/turtlesim/turtlesim/srv
[10.484s] -- Up-to-date: /home/leosun/ros2_ws/install/turtlesim/include/turtlesim/turtlesim/srv/detail
[10.484s] -- Installing: /home/leosun/ros2_ws/install/turtlesim/include/turtlesim/turtlesim/srv/detail/spawn__rosidl_typesupport_introspection_cpp.hpp
[10.484s] -- Installing: /home/leosun/ros2_ws/install/turtlesim/include/turtlesim/turtlesim/srv/detail/teleport_relative__type_support.cpp
[10.484s] -- Installing: /home/leosun/ros2_ws/install/turtlesim/include/turtlesim/turtlesim/srv/detail/set_pen__rosidl_typesupport_introspection_cpp.hpp
[10.484s] -- Installing: /home/leosun/ros2_ws/install/turtlesim/include/turtlesim/turtlesim/srv/detail/spawn__type_support.cpp
[10.484s] -- Installing: /home/leosun/ros2_ws/install/turtlesim/include/turtlesim/turtlesim/srv/detail/teleport_relative__rosidl_typesupport_introspection_cpp.hpp
[10.484s] -- Installing: /home/leosun/ros2_ws/install/turtlesim/include/turtlesim/turtlesim/srv/detail/set_pen__type_support.cpp
[10.485s] -- Installing: /home/leosun/ros2_ws/install/turtlesim/include/turtlesim/turtlesim/srv/detail/kill__rosidl_typesupport_introspection_cpp.hpp
[10.485s] -- Installing: /home/leosun/ros2_ws/install/turtlesim/include/turtlesim/turtlesim/srv/detail/teleport_absolute__rosidl_typesupport_introspection_cpp.hpp
[10.485s] -- Installing: /home/leosun/ros2_ws/install/turtlesim/include/turtlesim/turtlesim/srv/detail/teleport_absolute__type_support.cpp
[10.485s] -- Installing: /home/leosun/ros2_ws/install/turtlesim/include/turtlesim/turtlesim/srv/detail/kill__type_support.cpp
[10.485s] -- Up-to-date: /home/leosun/ros2_ws/install/turtlesim/include/turtlesim/turtlesim/msg
[10.485s] -- Up-to-date: /home/leosun/ros2_ws/install/turtlesim/include/turtlesim/turtlesim/msg/detail
[10.485s] -- Installing: /home/leosun/ros2_ws/install/turtlesim/include/turtlesim/turtlesim/msg/detail/color__rosidl_typesupport_introspection_cpp.hpp
[10.485s] -- Installing: /home/leosun/ros2_ws/install/turtlesim/include/turtlesim/turtlesim/msg/detail/pose__type_support.cpp
[10.485s] -- Installing: /home/leosun/ros2_ws/install/turtlesim/include/turtlesim/turtlesim/msg/detail/color__type_support.cpp
[10.485s] -- Installing: /home/leosun/ros2_ws/install/turtlesim/include/turtlesim/turtlesim/msg/detail/pose__rosidl_typesupport_introspection_cpp.hpp
[10.485s] -- Up-to-date: /home/leosun/ros2_ws/install/turtlesim/include/turtlesim/turtlesim/action
[10.485s] -- Up-to-date: /home/leosun/ros2_ws/install/turtlesim/include/turtlesim/turtlesim/action/detail
[10.485s] -- Installing: /home/leosun/ros2_ws/install/turtlesim/include/turtlesim/turtlesim/action/detail/rotate_absolute__rosidl_typesupport_introspection_cpp.hpp
[10.485s] -- Installing: /home/leosun/ros2_ws/install/turtlesim/include/turtlesim/turtlesim/action/detail/rotate_absolute__type_support.cpp
[10.486s] -- Installing: /home/leosun/ros2_ws/install/turtlesim/lib/libturtlesim__rosidl_typesupport_introspection_cpp.so
[10.486s] -- Set runtime path of "/home/leosun/ros2_ws/install/turtlesim/lib/libturtlesim__rosidl_typesupport_introspection_cpp.so" to ""
[10.486s] -- Installing: /home/leosun/ros2_ws/install/turtlesim/lib/libturtlesim__rosidl_typesupport_cpp.so
[10.486s] -- Set runtime path of "/home/leosun/ros2_ws/install/turtlesim/lib/libturtlesim__rosidl_typesupport_cpp.so" to ""
[10.486s] -- Installing: /home/leosun/ros2_ws/install/turtlesim/share/turtlesim/environment/pythonpath.sh
[10.486s] -- Installing: /home/leosun/ros2_ws/install/turtlesim/share/turtlesim/environment/pythonpath.dsv
[10.486s] -- Installing: /home/leosun/ros2_ws/install/turtlesim/local/lib/python3.10/dist-packages/turtlesim-1.4.3-py3.10.egg-info
[10.486s] -- Installing: /home/leosun/ros2_ws/install/turtlesim/local/lib/python3.10/dist-packages/turtlesim-1.4.3-py3.10.egg-info/top_level.txt
[10.486s] -- Installing: /home/leosun/ros2_ws/install/turtlesim/local/lib/python3.10/dist-packages/turtlesim-1.4.3-py3.10.egg-info/dependency_links.txt
[10.487s] -- Installing: /home/leosun/ros2_ws/install/turtlesim/local/lib/python3.10/dist-packages/turtlesim-1.4.3-py3.10.egg-info/SOURCES.txt
[10.487s] -- Installing: /home/leosun/ros2_ws/install/turtlesim/local/lib/python3.10/dist-packages/turtlesim-1.4.3-py3.10.egg-info/PKG-INFO
[10.487s] -- Installing: /home/leosun/ros2_ws/install/turtlesim/local/lib/python3.10/dist-packages/turtlesim
[10.487s] -- Installing: /home/leosun/ros2_ws/install/turtlesim/local/lib/python3.10/dist-packages/turtlesim/srv
[10.487s] -- Installing: /home/leosun/ros2_ws/install/turtlesim/local/lib/python3.10/dist-packages/turtlesim/srv/_kill_s.c
[10.487s] -- Installing: /home/leosun/ros2_ws/install/turtlesim/local/lib/python3.10/dist-packages/turtlesim/srv/_kill.py
[10.487s] -- Installing: /home/leosun/ros2_ws/install/turtlesim/local/lib/python3.10/dist-packages/turtlesim/srv/_teleport_relative_s.c
[10.487s] -- Installing: /home/leosun/ros2_ws/install/turtlesim/local/lib/python3.10/dist-packages/turtlesim/srv/_teleport_absolute_s.c
[10.487s] -- Installing: /home/leosun/ros2_ws/install/turtlesim/local/lib/python3.10/dist-packages/turtlesim/srv/_spawn_s.c
[10.487s] -- Installing: /home/leosun/ros2_ws/install/turtlesim/local/lib/python3.10/dist-packages/turtlesim/srv/_teleport_relative.py
[10.488s] -- Installing: /home/leosun/ros2_ws/install/turtlesim/local/lib/python3.10/dist-packages/turtlesim/srv/_spawn.py
[10.488s] -- Installing: /home/leosun/ros2_ws/install/turtlesim/local/lib/python3.10/dist-packages/turtlesim/srv/_set_pen.py
[10.488s] -- Installing: /home/leosun/ros2_ws/install/turtlesim/local/lib/python3.10/dist-packages/turtlesim/srv/_teleport_absolute.py
[10.488s] -- Installing: /home/leosun/ros2_ws/install/turtlesim/local/lib/python3.10/dist-packages/turtlesim/srv/__init__.py
[10.488s] -- Installing: /home/leosun/ros2_ws/install/turtlesim/local/lib/python3.10/dist-packages/turtlesim/srv/_set_pen_s.c
[10.488s] -- Installing: /home/leosun/ros2_ws/install/turtlesim/local/lib/python3.10/dist-packages/turtlesim/_turtlesim_s.ep.rosidl_typesupport_c.c
[10.488s] -- Installing: /home/leosun/ros2_ws/install/turtlesim/local/lib/python3.10/dist-packages/turtlesim/msg
[10.488s] -- Installing: /home/leosun/ros2_ws/install/turtlesim/local/lib/python3.10/dist-packages/turtlesim/msg/_color.py
[10.488s] -- Installing: /home/leosun/ros2_ws/install/turtlesim/local/lib/python3.10/dist-packages/turtlesim/msg/_color_s.c
[10.488s] -- Installing: /home/leosun/ros2_ws/install/turtlesim/local/lib/python3.10/dist-packages/turtlesim/msg/__init__.py
[10.488s] -- Installing: /home/leosun/ros2_ws/install/turtlesim/local/lib/python3.10/dist-packages/turtlesim/msg/_pose_s.c
[10.488s] -- Installing: /home/leosun/ros2_ws/install/turtlesim/local/lib/python3.10/dist-packages/turtlesim/msg/_pose.py
[10.489s] -- Installing: /home/leosun/ros2_ws/install/turtlesim/local/lib/python3.10/dist-packages/turtlesim/turtlesim_s__rosidl_typesupport_introspection_c.cpython-310-aarch64-linux-gnu.so
[10.489s] -- Installing: /home/leosun/ros2_ws/install/turtlesim/local/lib/python3.10/dist-packages/turtlesim/turtlesim_s__rosidl_typesupport_fastrtps_c.cpython-310-aarch64-linux-gnu.so
[10.489s] -- Installing: /home/leosun/ros2_ws/install/turtlesim/local/lib/python3.10/dist-packages/turtlesim/action
[10.489s] -- Installing: /home/leosun/ros2_ws/install/turtlesim/local/lib/python3.10/dist-packages/turtlesim/action/_rotate_absolute_s.c
[10.489s] -- Installing: /home/leosun/ros2_ws/install/turtlesim/local/lib/python3.10/dist-packages/turtlesim/action/__init__.py
[10.489s] -- Installing: /home/leosun/ros2_ws/install/turtlesim/local/lib/python3.10/dist-packages/turtlesim/action/_rotate_absolute.py
[10.489s] -- Installing: /home/leosun/ros2_ws/install/turtlesim/local/lib/python3.10/dist-packages/turtlesim/__init__.py
[10.489s] -- Installing: /home/leosun/ros2_ws/install/turtlesim/local/lib/python3.10/dist-packages/turtlesim/libturtlesim__rosidl_generator_py.so
[10.489s] -- Installing: /home/leosun/ros2_ws/install/turtlesim/local/lib/python3.10/dist-packages/turtlesim/_turtlesim_s.ep.rosidl_typesupport_introspection_c.c
[10.489s] -- Installing: /home/leosun/ros2_ws/install/turtlesim/local/lib/python3.10/dist-packages/turtlesim/_turtlesim_s.ep.rosidl_typesupport_fastrtps_c.c
[10.490s] -- Installing: /home/leosun/ros2_ws/install/turtlesim/local/lib/python3.10/dist-packages/turtlesim/turtlesim_s__rosidl_typesupport_c.cpython-310-aarch64-linux-gnu.so
[10.510s] Listing '/home/leosun/ros2_ws/install/turtlesim/local/lib/python3.10/dist-packages/turtlesim'...
[10.510s] Compiling '/home/leosun/ros2_ws/install/turtlesim/local/lib/python3.10/dist-packages/turtlesim/__init__.py'...
[10.510s] Listing '/home/leosun/ros2_ws/install/turtlesim/local/lib/python3.10/dist-packages/turtlesim/action'...
[10.510s] Compiling '/home/leosun/ros2_ws/install/turtlesim/local/lib/python3.10/dist-packages/turtlesim/action/__init__.py'...
[10.510s] Compiling '/home/leosun/ros2_ws/install/turtlesim/local/lib/python3.10/dist-packages/turtlesim/action/_rotate_absolute.py'...
[10.510s] Listing '/home/leosun/ros2_ws/install/turtlesim/local/lib/python3.10/dist-packages/turtlesim/msg'...
[10.510s] Compiling '/home/leosun/ros2_ws/install/turtlesim/local/lib/python3.10/dist-packages/turtlesim/msg/__init__.py'...
[10.510s] Compiling '/home/leosun/ros2_ws/install/turtlesim/local/lib/python3.10/dist-packages/turtlesim/msg/_color.py'...
[10.510s] Compiling '/home/leosun/ros2_ws/install/turtlesim/local/lib/python3.10/dist-packages/turtlesim/msg/_pose.py'...
[10.510s] Listing '/home/leosun/ros2_ws/install/turtlesim/local/lib/python3.10/dist-packages/turtlesim/srv'...
[10.510s] Compiling '/home/leosun/ros2_ws/install/turtlesim/local/lib/python3.10/dist-packages/turtlesim/srv/__init__.py'...
[10.510s] Compiling '/home/leosun/ros2_ws/install/turtlesim/local/lib/python3.10/dist-packages/turtlesim/srv/_kill.py'...
[10.510s] Compiling '/home/leosun/ros2_ws/install/turtlesim/local/lib/python3.10/dist-packages/turtlesim/srv/_set_pen.py'...
[10.510s] Compiling '/home/leosun/ros2_ws/install/turtlesim/local/lib/python3.10/dist-packages/turtlesim/srv/_spawn.py'...
[10.510s] Compiling '/home/leosun/ros2_ws/install/turtlesim/local/lib/python3.10/dist-packages/turtlesim/srv/_teleport_absolute.py'...
[10.510s] Compiling '/home/leosun/ros2_ws/install/turtlesim/local/lib/python3.10/dist-packages/turtlesim/srv/_teleport_relative.py'...
[10.512s] -- Installing: /home/leosun/ros2_ws/install/turtlesim/local/lib/python3.10/dist-packages/turtlesim/turtlesim_s__rosidl_typesupport_fastrtps_c.cpython-310-aarch64-linux-gnu.so
[10.513s] -- Set runtime path of "/home/leosun/ros2_ws/install/turtlesim/local/lib/python3.10/dist-packages/turtlesim/turtlesim_s__rosidl_typesupport_fastrtps_c.cpython-310-aarch64-linux-gnu.so" to ""
[10.513s] -- Installing: /home/leosun/ros2_ws/install/turtlesim/local/lib/python3.10/dist-packages/turtlesim/turtlesim_s__rosidl_typesupport_introspection_c.cpython-310-aarch64-linux-gnu.so
[10.513s] -- Set runtime path of "/home/leosun/ros2_ws/install/turtlesim/local/lib/python3.10/dist-packages/turtlesim/turtlesim_s__rosidl_typesupport_introspection_c.cpython-310-aarch64-linux-gnu.so" to ""
[10.513s] -- Installing: /home/leosun/ros2_ws/install/turtlesim/local/lib/python3.10/dist-packages/turtlesim/turtlesim_s__rosidl_typesupport_c.cpython-310-aarch64-linux-gnu.so
[10.513s] -- Set runtime path of "/home/leosun/ros2_ws/install/turtlesim/local/lib/python3.10/dist-packages/turtlesim/turtlesim_s__rosidl_typesupport_c.cpython-310-aarch64-linux-gnu.so" to ""
[10.513s] -- Installing: /home/leosun/ros2_ws/install/turtlesim/lib/libturtlesim__rosidl_generator_py.so
[10.513s] -- Set runtime path of "/home/leosun/ros2_ws/install/turtlesim/lib/libturtlesim__rosidl_generator_py.so" to ""
[10.513s] -- Installing: /home/leosun/ros2_ws/install/turtlesim/share/turtlesim/action/RotateAbsolute.idl
[10.514s] -- Installing: /home/leosun/ros2_ws/install/turtlesim/share/turtlesim/msg/Color.idl
[10.514s] -- Installing: /home/leosun/ros2_ws/install/turtlesim/share/turtlesim/msg/Pose.idl
[10.514s] -- Installing: /home/leosun/ros2_ws/install/turtlesim/share/turtlesim/srv/Kill.idl
[10.514s] -- Installing: /home/leosun/ros2_ws/install/turtlesim/share/turtlesim/srv/SetPen.idl
[10.514s] -- Installing: /home/leosun/ros2_ws/install/turtlesim/share/turtlesim/srv/Spawn.idl
[10.514s] -- Installing: /home/leosun/ros2_ws/install/turtlesim/share/turtlesim/srv/TeleportAbsolute.idl
[10.514s] -- Installing: /home/leosun/ros2_ws/install/turtlesim/share/turtlesim/srv/TeleportRelative.idl
[10.514s] -- Installing: /home/leosun/ros2_ws/install/turtlesim/share/turtlesim/action/RotateAbsolute.action
[10.514s] -- Installing: /home/leosun/ros2_ws/install/turtlesim/share/turtlesim/msg/Color.msg
[10.514s] -- Installing: /home/leosun/ros2_ws/install/turtlesim/share/turtlesim/msg/Pose.msg
[10.514s] -- Installing: /home/leosun/ros2_ws/install/turtlesim/share/turtlesim/srv/Kill.srv
[10.514s] -- Installing: /home/leosun/ros2_ws/install/turtlesim/share/turtlesim/srv/Kill_Request.msg
[10.515s] -- Installing: /home/leosun/ros2_ws/install/turtlesim/share/turtlesim/srv/Kill_Response.msg
[10.515s] -- Installing: /home/leosun/ros2_ws/install/turtlesim/share/turtlesim/srv/SetPen.srv
[10.515s] -- Installing: /home/leosun/ros2_ws/install/turtlesim/share/turtlesim/srv/SetPen_Request.msg
[10.515s] -- Installing: /home/leosun/ros2_ws/install/turtlesim/share/turtlesim/srv/SetPen_Response.msg
[10.515s] -- Installing: /home/leosun/ros2_ws/install/turtlesim/share/turtlesim/srv/Spawn.srv
[10.515s] -- Installing: /home/leosun/ros2_ws/install/turtlesim/share/turtlesim/srv/Spawn_Request.msg
[10.515s] -- Installing: /home/leosun/ros2_ws/install/turtlesim/share/turtlesim/srv/Spawn_Response.msg
[10.515s] -- Installing: /home/leosun/ros2_ws/install/turtlesim/share/turtlesim/srv/TeleportAbsolute.srv
[10.515s] -- Installing: /home/leosun/ros2_ws/install/turtlesim/share/turtlesim/srv/TeleportAbsolute_Request.msg
[10.515s] -- Installing: /home/leosun/ros2_ws/install/turtlesim/share/turtlesim/srv/TeleportAbsolute_Response.msg
[10.515s] -- Installing: /home/leosun/ros2_ws/install/turtlesim/share/turtlesim/srv/TeleportRelative.srv
[10.516s] -- Installing: /home/leosun/ros2_ws/install/turtlesim/share/turtlesim/srv/TeleportRelative_Request.msg
[10.516s] -- Installing: /home/leosun/ros2_ws/install/turtlesim/share/turtlesim/srv/TeleportRelative_Response.msg
[10.516s] -- Installing: /home/leosun/ros2_ws/install/turtlesim/lib/turtlesim/turtlesim_node
[10.519s] -- Set runtime path of "/home/leosun/ros2_ws/install/turtlesim/lib/turtlesim/turtlesim_node" to ""
[10.519s] -- Installing: /home/leosun/ros2_ws/install/turtlesim/lib/turtlesim/turtle_teleop_key
[10.520s] -- Set runtime path of "/home/leosun/ros2_ws/install/turtlesim/lib/turtlesim/turtle_teleop_key" to ""
[10.520s] -- Installing: /home/leosun/ros2_ws/install/turtlesim/lib/turtlesim/draw_square
[10.521s] -- Set runtime path of "/home/leosun/ros2_ws/install/turtlesim/lib/turtlesim/draw_square" to ""
[10.521s] -- Installing: /home/leosun/ros2_ws/install/turtlesim/lib/turtlesim/mimic
[10.522s] -- Set runtime path of "/home/leosun/ros2_ws/install/turtlesim/lib/turtlesim/mimic" to ""
[10.522s] -- Installing: /home/leosun/ros2_ws/install/turtlesim/share/turtlesim/images
[10.523s] -- Installing: /home/leosun/ros2_ws/install/turtlesim/share/turtlesim/images/ardent.png
[10.523s] -- Installing: /home/leosun/ros2_ws/install/turtlesim/share/turtlesim/images/eloquent.png
[10.523s] -- Installing: /home/leosun/ros2_ws/install/turtlesim/share/turtlesim/images/dashing.png
[10.523s] -- Installing: /home/leosun/ros2_ws/install/turtlesim/share/turtlesim/images/galactic.png
[10.523s] -- Installing: /home/leosun/ros2_ws/install/turtlesim/share/turtlesim/images/foxy.png
[10.523s] -- Installing: /home/leosun/ros2_ws/install/turtlesim/share/turtlesim/images/rolling.png
[10.523s] -- Installing: /home/leosun/ros2_ws/install/turtlesim/share/turtlesim/images/humble.png
[10.523s] -- Installing: /home/leosun/ros2_ws/install/turtlesim/share/turtlesim/images/bouncy.png
[10.523s] -- Installing: /home/leosun/ros2_ws/install/turtlesim/share/turtlesim/images/crystal.png
[10.523s] -- Installing: /home/leosun/ros2_ws/install/turtlesim/share/turtlesim/launch
[10.523s] -- Installing: /home/leosun/ros2_ws/install/turtlesim/share/turtlesim/launch/multisim.launch.py
[10.523s] -- Installing: /home/leosun/ros2_ws/install/turtlesim/share/ament_index/resource_index/package_run_dependencies/turtlesim
[10.523s] -- Installing: /home/leosun/ros2_ws/install/turtlesim/share/ament_index/resource_index/parent_prefix_path/turtlesim
[10.523s] -- Installing: /home/leosun/ros2_ws/install/turtlesim/share/turtlesim/environment/ament_prefix_path.sh
[10.523s] -- Installing: /home/leosun/ros2_ws/install/turtlesim/share/turtlesim/environment/ament_prefix_path.dsv
[10.524s] -- Installing: /home/leosun/ros2_ws/install/turtlesim/share/turtlesim/environment/path.sh
[10.524s] -- Installing: /home/leosun/ros2_ws/install/turtlesim/share/turtlesim/environment/path.dsv
[10.524s] -- Installing: /home/leosun/ros2_ws/install/turtlesim/share/turtlesim/local_setup.bash
[10.524s] -- Installing: /home/leosun/ros2_ws/install/turtlesim/share/turtlesim/local_setup.sh
[10.524s] -- Installing: /home/leosun/ros2_ws/install/turtlesim/share/turtlesim/local_setup.zsh
[10.524s] -- Installing: /home/leosun/ros2_ws/install/turtlesim/share/turtlesim/local_setup.dsv
[10.524s] -- Installing: /home/leosun/ros2_ws/install/turtlesim/share/turtlesim/package.dsv
[10.524s] -- Installing: /home/leosun/ros2_ws/install/turtlesim/share/ament_index/resource_index/packages/turtlesim
[10.524s] -- Installing: /home/leosun/ros2_ws/install/turtlesim/share/turtlesim/cmake/export_turtlesim__rosidl_generator_cExport.cmake
[10.524s] -- Installing: /home/leosun/ros2_ws/install/turtlesim/share/turtlesim/cmake/export_turtlesim__rosidl_generator_cExport-noconfig.cmake
[10.524s] -- Installing: /home/leosun/ros2_ws/install/turtlesim/share/turtlesim/cmake/export_turtlesim__rosidl_typesupport_fastrtps_cExport.cmake
[10.524s] -- Installing: /home/leosun/ros2_ws/install/turtlesim/share/turtlesim/cmake/export_turtlesim__rosidl_typesupport_fastrtps_cExport-noconfig.cmake
[10.524s] -- Installing: /home/leosun/ros2_ws/install/turtlesim/share/turtlesim/cmake/export_turtlesim__rosidl_generator_cppExport.cmake
[10.524s] -- Installing: /home/leosun/ros2_ws/install/turtlesim/share/turtlesim/cmake/export_turtlesim__rosidl_typesupport_fastrtps_cppExport.cmake
[10.524s] -- Installing: /home/leosun/ros2_ws/install/turtlesim/share/turtlesim/cmake/export_turtlesim__rosidl_typesupport_fastrtps_cppExport-noconfig.cmake
[10.524s] -- Installing: /home/leosun/ros2_ws/install/turtlesim/share/turtlesim/cmake/turtlesim__rosidl_typesupport_introspection_cExport.cmake
[10.524s] -- Installing: /home/leosun/ros2_ws/install/turtlesim/share/turtlesim/cmake/turtlesim__rosidl_typesupport_introspection_cExport-noconfig.cmake
[10.524s] -- Installing: /home/leosun/ros2_ws/install/turtlesim/share/turtlesim/cmake/turtlesim__rosidl_typesupport_cExport.cmake
[10.524s] -- Installing: /home/leosun/ros2_ws/install/turtlesim/share/turtlesim/cmake/turtlesim__rosidl_typesupport_cExport-noconfig.cmake
[10.524s] -- Installing: /home/leosun/ros2_ws/install/turtlesim/share/turtlesim/cmake/turtlesim__rosidl_typesupport_introspection_cppExport.cmake
[10.524s] -- Installing: /home/leosun/ros2_ws/install/turtlesim/share/turtlesim/cmake/turtlesim__rosidl_typesupport_introspection_cppExport-noconfig.cmake
[10.524s] -- Installing: /home/leosun/ros2_ws/install/turtlesim/share/turtlesim/cmake/turtlesim__rosidl_typesupport_cppExport.cmake
[10.524s] -- Installing: /home/leosun/ros2_ws/install/turtlesim/share/turtlesim/cmake/turtlesim__rosidl_typesupport_cppExport-noconfig.cmake
[10.525s] -- Installing: /home/leosun/ros2_ws/install/turtlesim/share/turtlesim/cmake/export_turtlesim__rosidl_generator_pyExport.cmake
[10.525s] -- Installing: /home/leosun/ros2_ws/install/turtlesim/share/turtlesim/cmake/export_turtlesim__rosidl_generator_pyExport-noconfig.cmake
[10.525s] -- Installing: /home/leosun/ros2_ws/install/turtlesim/share/turtlesim/cmake/rosidl_cmake-extras.cmake
[10.525s] -- Installing: /home/leosun/ros2_ws/install/turtlesim/share/turtlesim/cmake/ament_cmake_export_dependencies-extras.cmake
[10.525s] -- Installing: /home/leosun/ros2_ws/install/turtlesim/share/turtlesim/cmake/ament_cmake_export_include_directories-extras.cmake
[10.525s] -- Installing: /home/leosun/ros2_ws/install/turtlesim/share/turtlesim/cmake/ament_cmake_export_libraries-extras.cmake
[10.525s] -- Installing: /home/leosun/ros2_ws/install/turtlesim/share/turtlesim/cmake/ament_cmake_export_targets-extras.cmake
[10.525s] -- Installing: /home/leosun/ros2_ws/install/turtlesim/share/turtlesim/cmake/rosidl_cmake_export_typesupport_targets-extras.cmake
[10.525s] -- Installing: /home/leosun/ros2_ws/install/turtlesim/share/turtlesim/cmake/rosidl_cmake_export_typesupport_libraries-extras.cmake
[10.525s] -- Installing: /home/leosun/ros2_ws/install/turtlesim/share/turtlesim/cmake/turtlesimConfig.cmake
[10.525s] -- Installing: /home/leosun/ros2_ws/install/turtlesim/share/turtlesim/cmake/turtlesimConfig-version.cmake
[10.525s] -- Installing: /home/leosun/ros2_ws/install/turtlesim/share/turtlesim/package.xml
[10.527s] Invoked command in '/home/leosun/ros2_ws/build/turtlesim' returned '0': CMAKE_PREFIX_PATH=/opt/ros/humble /usr/bin/cmake --install /home/leosun/ros2_ws/build/turtlesim
