running egg_info
writing ../../build/control/control.egg-info/PKG-INFO
writing dependency_links to ../../build/control/control.egg-info/dependency_links.txt
writing entry points to ../../build/control/control.egg-info/entry_points.txt
writing requirements to ../../build/control/control.egg-info/requires.txt
writing top-level names to ../../build/control/control.egg-info/top_level.txt
reading manifest file '../../build/control/control.egg-info/SOURCES.txt'
adding license file 'LICENSE'
writing manifest file '../../build/control/control.egg-info/SOURCES.txt'
running build
running build_py
copying control/cbs_scenario.py -> /home/leosun/ros2_ws/build/control/build/lib/control
copying control/repulsive_avoidance.py -> /home/leosun/ros2_ws/build/control/build/lib/control
running install
running install_lib
copying /home/leosun/ros2_ws/build/control/build/lib/control/cbs_scenario.py -> /home/leosun/ros2_ws/install/control/lib/python3.10/site-packages/control
copying /home/leosun/ros2_ws/build/control/build/lib/control/repulsive_avoidance.py -> /home/leosun/ros2_ws/install/control/lib/python3.10/site-packages/control
byte-compiling /home/leosun/ros2_ws/install/control/lib/python3.10/site-packages/control/cbs_scenario.py to cbs_scenario.cpython-310.pyc
byte-compiling /home/leosun/ros2_ws/install/control/lib/python3.10/site-packages/control/repulsive_avoidance.py to repulsive_avoidance.cpython-310.pyc
running install_data
running install_egg_info
removing '/home/leosun/ros2_ws/install/control/lib/python3.10/site-packages/control-0.0.0-py3.10.egg-info' (and everything under it)
Copying ../../build/control/control.egg-info to /home/leosun/ros2_ws/install/control/lib/python3.10/site-packages/control-0.0.0-py3.10.egg-info
running install_scripts
Installing cbs_scenario script to /home/leosun/ros2_ws/install/control/lib/control
Installing move_to_goal script to /home/leosun/ros2_ws/install/control/lib/control
Installing repulsive_avoidance script to /home/leosun/ros2_ws/install/control/lib/control
Installing simple_rotation script to /home/leosun/ros2_ws/install/control/lib/control
Installing stay_in_place script to /home/leosun/ros2_ws/install/control/lib/control
Installing teleop_twist_keyboard script to /home/leosun/ros2_ws/install/control/lib/control
writing list of installed files to '/home/leosun/ros2_ws/build/control/install.log'
