[0.886s] Invoking command in '/home/leosun/ros2_ws/src/control': PYTHONPATH=/home/leosun/ros2_ws/build/control/prefix_override:/usr/lib/python3/dist-packages/colcon_core/task/python/colcon_distutils_commands:/home/leosun/ros2_ws/install/control/lib/python3.10/site-packages:${PYTHONPATH} /usr/bin/python3 -W ignore:setup.py install is deprecated -W ignore:easy_install command is deprecated setup.py egg_info --egg-base ../../build/control build --build-base /home/leosun/ros2_ws/build/control/build install --record /home/leosun/ros2_ws/build/control/install.log --single-version-externally-managed install_data
[1.036s] running egg_info
[1.036s] writing ../../build/control/control.egg-info/PKG-INFO
[1.037s] writing dependency_links to ../../build/control/control.egg-info/dependency_links.txt
[1.037s] writing entry points to ../../build/control/control.egg-info/entry_points.txt
[1.037s] writing requirements to ../../build/control/control.egg-info/requires.txt
[1.037s] writing top-level names to ../../build/control/control.egg-info/top_level.txt
[1.040s] reading manifest file '../../build/control/control.egg-info/SOURCES.txt'
[1.041s] adding license file 'LICENSE'
[1.041s] writing manifest file '../../build/control/control.egg-info/SOURCES.txt'
[1.041s] running build
[1.041s] running build_py
[1.042s] copying control/cbs_scenario.py -> /home/leosun/ros2_ws/build/control/build/lib/control
[1.042s] copying control/repulsive_avoidance.py -> /home/leosun/ros2_ws/build/control/build/lib/control
[1.043s] running install
[1.043s] running install_lib
[1.043s] copying /home/leosun/ros2_ws/build/control/build/lib/control/cbs_scenario.py -> /home/leosun/ros2_ws/install/control/lib/python3.10/site-packages/control
[1.043s] copying /home/leosun/ros2_ws/build/control/build/lib/control/repulsive_avoidance.py -> /home/leosun/ros2_ws/install/control/lib/python3.10/site-packages/control
[1.043s] byte-compiling /home/leosun/ros2_ws/install/control/lib/python3.10/site-packages/control/cbs_scenario.py to cbs_scenario.cpython-310.pyc
[1.055s] byte-compiling /home/leosun/ros2_ws/install/control/lib/python3.10/site-packages/control/repulsive_avoidance.py to repulsive_avoidance.cpython-310.pyc
[1.056s] running install_data
[1.056s] running install_egg_info
[1.070s] removing '/home/leosun/ros2_ws/install/control/lib/python3.10/site-packages/control-0.0.0-py3.10.egg-info' (and everything under it)
[1.071s] Copying ../../build/control/control.egg-info to /home/leosun/ros2_ws/install/control/lib/python3.10/site-packages/control-0.0.0-py3.10.egg-info
[1.084s] running install_scripts
[1.097s] Installing cbs_scenario script to /home/leosun/ros2_ws/install/control/lib/control
[1.097s] Installing move_to_goal script to /home/leosun/ros2_ws/install/control/lib/control
[1.098s] Installing repulsive_avoidance script to /home/leosun/ros2_ws/install/control/lib/control
[1.098s] Installing simple_rotation script to /home/leosun/ros2_ws/install/control/lib/control
[1.098s] Installing stay_in_place script to /home/leosun/ros2_ws/install/control/lib/control
[1.098s] Installing teleop_twist_keyboard script to /home/leosun/ros2_ws/install/control/lib/control
[1.099s] writing list of installed files to '/home/leosun/ros2_ws/build/control/install.log'
[1.177s] Invoked command in '/home/leosun/ros2_ws/src/control' returned '0': PYTHONPATH=/home/leosun/ros2_ws/build/control/prefix_override:/usr/lib/python3/dist-packages/colcon_core/task/python/colcon_distutils_commands:/home/leosun/ros2_ws/install/control/lib/python3.10/site-packages:${PYTHONPATH} /usr/bin/python3 -W ignore:setup.py install is deprecated -W ignore:easy_install command is deprecated setup.py egg_info --egg-base ../../build/control build --build-base /home/leosun/ros2_ws/build/control/build install --record /home/leosun/ros2_ws/build/control/install.log --single-version-externally-managed install_data
