[0.474s] Invoking command in '/home/leosun/ros2_ws/src/localization': PYTHONPATH=/home/leosun/ros2_ws/build/localization/prefix_override:/usr/lib/python3/dist-packages/colcon_core/task/python/colcon_distutils_commands:/home/leosun/ros2_ws/install/localization/lib/python3.10/site-packages:${PYTHONPATH} /usr/bin/python3 -W ignore:setup.py install is deprecated -W ignore:easy_install command is deprecated setup.py egg_info --egg-base ../../build/localization build --build-base /home/leosun/ros2_ws/build/localization/build install --record /home/leosun/ros2_ws/build/localization/install.log --single-version-externally-managed install_data
[0.586s] running egg_info
[0.586s] writing ../../build/localization/localization.egg-info/PKG-INFO
[0.587s] writing dependency_links to ../../build/localization/localization.egg-info/dependency_links.txt
[0.587s] writing entry points to ../../build/localization/localization.egg-info/entry_points.txt
[0.587s] writing requirements to ../../build/localization/localization.egg-info/requires.txt
[0.587s] writing top-level names to ../../build/localization/localization.egg-info/top_level.txt
[0.587s] reading manifest file '../../build/localization/localization.egg-info/SOURCES.txt'
[0.587s] adding license file 'LICENSE'
[0.588s] writing manifest file '../../build/localization/localization.egg-info/SOURCES.txt'
[0.588s] running build
[0.588s] running build_py
[0.588s] copying localization/velocity_fusion.py -> /home/leosun/ros2_ws/build/localization/build/lib/localization
[0.589s] running install
[0.589s] running install_lib
[0.589s] copying /home/leosun/ros2_ws/build/localization/build/lib/localization/velocity_fusion.py -> /home/leosun/ros2_ws/install/localization/lib/python3.10/site-packages/localization
[0.589s] byte-compiling /home/leosun/ros2_ws/install/localization/lib/python3.10/site-packages/localization/velocity_fusion.py to velocity_fusion.cpython-310.pyc
[0.589s] running install_data
[0.589s] running install_egg_info
[0.591s] removing '/home/leosun/ros2_ws/install/localization/lib/python3.10/site-packages/localization-0.0.0-py3.10.egg-info' (and everything under it)
[0.591s] Copying ../../build/localization/localization.egg-info to /home/leosun/ros2_ws/install/localization/lib/python3.10/site-packages/localization-0.0.0-py3.10.egg-info
[0.591s] running install_scripts
[0.599s] Installing attitude_to_rpy script to /home/leosun/ros2_ws/install/localization/lib/localization
[0.600s] Installing camera0_publisher script to /home/leosun/ros2_ws/install/localization/lib/localization
[0.600s] Installing camera1_publisher script to /home/leosun/ros2_ws/install/localization/lib/localization
[0.600s] Installing dual_camera_detection script to /home/leosun/ros2_ws/install/localization/lib/localization
[0.600s] Installing pose_visualizer script to /home/leosun/ros2_ws/install/localization/lib/localization
[0.601s] Installing velocity_fusion script to /home/leosun/ros2_ws/install/localization/lib/localization
[0.601s] writing list of installed files to '/home/leosun/ros2_ws/build/localization/install.log'
[0.619s] Invoked command in '/home/leosun/ros2_ws/src/localization' returned '0': PYTHONPATH=/home/leosun/ros2_ws/build/localization/prefix_override:/usr/lib/python3/dist-packages/colcon_core/task/python/colcon_distutils_commands:/home/leosun/ros2_ws/install/localization/lib/python3.10/site-packages:${PYTHONPATH} /usr/bin/python3 -W ignore:setup.py install is deprecated -W ignore:easy_install command is deprecated setup.py egg_info --egg-base ../../build/localization build --build-base /home/leosun/ros2_ws/build/localization/build install --record /home/leosun/ros2_ws/build/localization/install.log --single-version-externally-managed install_data
