[0.602s] Invoking command in '/home/leosun/ros2_ws/src/control': PYTHONPATH=/home/leosun/ros2_ws/build/control/prefix_override:/usr/lib/python3/dist-packages/colcon_core/task/python/colcon_distutils_commands:/home/leosun/ros2_ws/install/control/lib/python3.10/site-packages:${PYTHONPATH} /usr/bin/python3 -W ignore:setup.py install is deprecated -W ignore:easy_install command is deprecated setup.py egg_info --egg-base ../../build/control build --build-base /home/leosun/ros2_ws/build/control/build install --record /home/leosun/ros2_ws/build/control/install.log --single-version-externally-managed install_data
[0.739s] running egg_info
[0.739s] writing ../../build/control/control.egg-info/PKG-INFO
[0.739s] writing dependency_links to ../../build/control/control.egg-info/dependency_links.txt
[0.739s] writing entry points to ../../build/control/control.egg-info/entry_points.txt
[0.739s] writing requirements to ../../build/control/control.egg-info/requires.txt
[0.739s] writing top-level names to ../../build/control/control.egg-info/top_level.txt
[0.740s] reading manifest file '../../build/control/control.egg-info/SOURCES.txt'
[0.740s] adding license file 'LICENSE'
[0.740s] writing manifest file '../../build/control/control.egg-info/SOURCES.txt'
[0.740s] running build
[0.740s] running build_py
[0.740s] copying control/repulsive_avoidance.py -> /home/leosun/ros2_ws/build/control/build/lib/control
[0.740s] running install
[0.741s] running install_lib
[0.741s] copying /home/leosun/ros2_ws/build/control/build/lib/control/repulsive_avoidance.py -> /home/leosun/ros2_ws/install/control/lib/python3.10/site-packages/control
[0.745s] byte-compiling /home/leosun/ros2_ws/install/control/lib/python3.10/site-packages/control/repulsive_avoidance.py to repulsive_avoidance.cpython-310.pyc
[0.746s] Sorry: IndentationError: unexpected indent (repulsive_avoidance.py, line 245)
[0.746s] running install_data
[0.746s] running install_egg_info
[0.748s] removing '/home/leosun/ros2_ws/install/control/lib/python3.10/site-packages/control-0.0.0-py3.10.egg-info' (and everything under it)
[0.748s] Copying ../../build/control/control.egg-info to /home/leosun/ros2_ws/install/control/lib/python3.10/site-packages/control-0.0.0-py3.10.egg-info
[0.748s] running install_scripts
[0.756s] Installing stay_in_place = control.stay_in_place:mainrepulsive_avoidance script to /home/leosun/ros2_ws/install/control/lib/control
[0.757s] writing list of installed files to '/home/leosun/ros2_ws/build/control/install.log'
[0.772s] Invoked command in '/home/leosun/ros2_ws/src/control' returned '0': PYTHONPATH=/home/leosun/ros2_ws/build/control/prefix_override:/usr/lib/python3/dist-packages/colcon_core/task/python/colcon_distutils_commands:/home/leosun/ros2_ws/install/control/lib/python3.10/site-packages:${PYTHONPATH} /usr/bin/python3 -W ignore:setup.py install is deprecated -W ignore:easy_install command is deprecated setup.py egg_info --egg-base ../../build/control build --build-base /home/leosun/ros2_ws/build/control/build install --record /home/leosun/ros2_ws/build/control/install.log --single-version-externally-managed install_data
