[0.438s] Invoking command in '/home/leosun/ros2_ws/src/localization': PYTHONPATH=/home/leosun/ros2_ws/build/localization/prefix_override:/usr/lib/python3/dist-packages/colcon_core/task/python/colcon_distutils_commands:/home/leosun/ros2_ws/install/localization/lib/python3.10/site-packages:${PYTHONPATH} /usr/bin/python3 -W ignore:setup.py install is deprecated -W ignore:easy_install command is deprecated setup.py egg_info --egg-base ../../build/localization build --build-base /home/leosun/ros2_ws/build/localization/build install --record /home/leosun/ros2_ws/build/localization/install.log --single-version-externally-managed install_data
[0.548s] running egg_info
[0.549s] writing ../../build/localization/localization.egg-info/PKG-INFO
[0.549s] writing dependency_links to ../../build/localization/localization.egg-info/dependency_links.txt
[0.549s] writing entry points to ../../build/localization/localization.egg-info/entry_points.txt
[0.549s] writing requirements to ../../build/localization/localization.egg-info/requires.txt
[0.549s] writing top-level names to ../../build/localization/localization.egg-info/top_level.txt
[0.550s] reading manifest file '../../build/localization/localization.egg-info/SOURCES.txt'
[0.550s] adding license file 'LICENSE'
[0.550s] writing manifest file '../../build/localization/localization.egg-info/SOURCES.txt'
[0.550s] running build
[0.550s] running build_py
[0.550s] copying localization/pose_visualizer.py -> /home/leosun/ros2_ws/build/localization/build/lib/localization
[0.551s] running install
[0.551s] running install_lib
[0.555s] copying /home/leosun/ros2_ws/build/localization/build/lib/localization/pose_visualizer.py -> /home/leosun/ros2_ws/install/localization/lib/python3.10/site-packages/localization
[0.556s] byte-compiling /home/leosun/ros2_ws/install/localization/lib/python3.10/site-packages/localization/pose_visualizer.py to pose_visualizer.cpython-310.pyc
[0.557s] running install_data
[0.557s] running install_egg_info
[0.558s] removing '/home/leosun/ros2_ws/install/localization/lib/python3.10/site-packages/localization-0.0.0-py3.10.egg-info' (and everything under it)
[0.560s] Copying ../../build/localization/localization.egg-info to /home/leosun/ros2_ws/install/localization/lib/python3.10/site-packages/localization-0.0.0-py3.10.egg-info
[0.560s] running install_scripts
[0.567s] Installing camera0_publisher script to /home/leosun/ros2_ws/install/localization/lib/localization
[0.568s] Installing camera1_publisher script to /home/leosun/ros2_ws/install/localization/lib/localization
[0.568s] Installing dual_camera_detection script to /home/leosun/ros2_ws/install/localization/lib/localization
[0.568s] Installing pose_visualizer script to /home/leosun/ros2_ws/install/localization/lib/localization
[0.568s] writing list of installed files to '/home/leosun/ros2_ws/build/localization/install.log'
[0.585s] Invoked command in '/home/leosun/ros2_ws/src/localization' returned '0': PYTHONPATH=/home/leosun/ros2_ws/build/localization/prefix_override:/usr/lib/python3/dist-packages/colcon_core/task/python/colcon_distutils_commands:/home/leosun/ros2_ws/install/localization/lib/python3.10/site-packages:${PYTHONPATH} /usr/bin/python3 -W ignore:setup.py install is deprecated -W ignore:easy_install command is deprecated setup.py egg_info --egg-base ../../build/localization build --build-base /home/leosun/ros2_ws/build/localization/build install --record /home/leosun/ros2_ws/build/localization/install.log --single-version-externally-managed install_data
