running egg_info
creating ../../build/teleop_twist_keyboard/teleop_twist_keyboard.egg-info
writing ../../build/teleop_twist_keyboard/teleop_twist_keyboard.egg-info/PKG-INFO
writing dependency_links to ../../build/teleop_twist_keyboard/teleop_twist_keyboard.egg-info/dependency_links.txt
writing entry points to ../../build/teleop_twist_keyboard/teleop_twist_keyboard.egg-info/entry_points.txt
writing requirements to ../../build/teleop_twist_keyboard/teleop_twist_keyboard.egg-info/requires.txt
writing top-level names to ../../build/teleop_twist_keyboard/teleop_twist_keyboard.egg-info/top_level.txt
writing manifest file '../../build/teleop_twist_keyboard/teleop_twist_keyboard.egg-info/SOURCES.txt'
reading manifest file '../../build/teleop_twist_keyboard/teleop_twist_keyboard.egg-info/SOURCES.txt'
adding license file 'LICENSE'
writing manifest file '../../build/teleop_twist_keyboard/teleop_twist_keyboard.egg-info/SOURCES.txt'
running build
running build_py
creating /home/leosun/ros2_ws/build/teleop_twist_keyboard/build
creating /home/leosun/ros2_ws/build/teleop_twist_keyboard/build/lib
copying teleop_twist_keyboard.py -> /home/leosun/ros2_ws/build/teleop_twist_keyboard/build/lib
copying collisionavoidance.py -> /home/leosun/ros2_ws/build/teleop_twist_keyboard/build/lib
copying detection.py -> /home/leosun/ros2_ws/build/teleop_twist_keyboard/build/lib
copying newdetection.py -> /home/leosun/ros2_ws/build/teleop_twist_keyboard/build/lib
copying aruco_controller.py -> /home/leosun/ros2_ws/build/teleop_twist_keyboard/build/lib
copying repulsive_avoidance.py -> /home/leosun/ros2_ws/build/teleop_twist_keyboard/build/lib
copying camera0_publisher.py -> /home/leosun/ros2_ws/build/teleop_twist_keyboard/build/lib
copying camera1_publisher.py -> /home/leosun/ros2_ws/build/teleop_twist_keyboard/build/lib
running install
running install_lib
copying /home/leosun/ros2_ws/build/teleop_twist_keyboard/build/lib/aruco_controller.py -> /home/leosun/ros2_ws/install/teleop_twist_keyboard/lib/python3.10/site-packages
copying /home/leosun/ros2_ws/build/teleop_twist_keyboard/build/lib/teleop_twist_keyboard.py -> /home/leosun/ros2_ws/install/teleop_twist_keyboard/lib/python3.10/site-packages
copying /home/leosun/ros2_ws/build/teleop_twist_keyboard/build/lib/collisionavoidance.py -> /home/leosun/ros2_ws/install/teleop_twist_keyboard/lib/python3.10/site-packages
copying /home/leosun/ros2_ws/build/teleop_twist_keyboard/build/lib/detection.py -> /home/leosun/ros2_ws/install/teleop_twist_keyboard/lib/python3.10/site-packages
copying /home/leosun/ros2_ws/build/teleop_twist_keyboard/build/lib/camera1_publisher.py -> /home/leosun/ros2_ws/install/teleop_twist_keyboard/lib/python3.10/site-packages
copying /home/leosun/ros2_ws/build/teleop_twist_keyboard/build/lib/repulsive_avoidance.py -> /home/leosun/ros2_ws/install/teleop_twist_keyboard/lib/python3.10/site-packages
copying /home/leosun/ros2_ws/build/teleop_twist_keyboard/build/lib/camera0_publisher.py -> /home/leosun/ros2_ws/install/teleop_twist_keyboard/lib/python3.10/site-packages
copying /home/leosun/ros2_ws/build/teleop_twist_keyboard/build/lib/newdetection.py -> /home/leosun/ros2_ws/install/teleop_twist_keyboard/lib/python3.10/site-packages
byte-compiling /home/leosun/ros2_ws/install/teleop_twist_keyboard/lib/python3.10/site-packages/aruco_controller.py to aruco_controller.cpython-310.pyc
byte-compiling /home/leosun/ros2_ws/install/teleop_twist_keyboard/lib/python3.10/site-packages/teleop_twist_keyboard.py to teleop_twist_keyboard.cpython-310.pyc
byte-compiling /home/leosun/ros2_ws/install/teleop_twist_keyboard/lib/python3.10/site-packages/collisionavoidance.py to collisionavoidance.cpython-310.pyc
byte-compiling /home/leosun/ros2_ws/install/teleop_twist_keyboard/lib/python3.10/site-packages/detection.py to detection.cpython-310.pyc
byte-compiling /home/leosun/ros2_ws/install/teleop_twist_keyboard/lib/python3.10/site-packages/camera1_publisher.py to camera1_publisher.cpython-310.pyc
byte-compiling /home/leosun/ros2_ws/install/teleop_twist_keyboard/lib/python3.10/site-packages/repulsive_avoidance.py to repulsive_avoidance.cpython-310.pyc
byte-compiling /home/leosun/ros2_ws/install/teleop_twist_keyboard/lib/python3.10/site-packages/camera0_publisher.py to camera0_publisher.cpython-310.pyc
byte-compiling /home/leosun/ros2_ws/install/teleop_twist_keyboard/lib/python3.10/site-packages/newdetection.py to newdetection.cpython-310.pyc
running install_data
creating /home/leosun/ros2_ws/install/teleop_twist_keyboard/share/ament_index
creating /home/leosun/ros2_ws/install/teleop_twist_keyboard/share/ament_index/resource_index
creating /home/leosun/ros2_ws/install/teleop_twist_keyboard/share/ament_index/resource_index/packages
copying resource/teleop_twist_keyboard -> /home/leosun/ros2_ws/install/teleop_twist_keyboard/share/ament_index/resource_index/packages
copying package.xml -> /home/leosun/ros2_ws/install/teleop_twist_keyboard/share/teleop_twist_keyboard
creating /home/leosun/ros2_ws/install/teleop_twist_keyboard/share/teleop_twist_keyboard/launch
copying launch/launch.xml -> /home/leosun/ros2_ws/install/teleop_twist_keyboard/share/teleop_twist_keyboard/launch
running install_egg_info
Copying ../../build/teleop_twist_keyboard/teleop_twist_keyboard.egg-info to /home/leosun/ros2_ws/install/teleop_twist_keyboard/lib/python3.10/site-packages/teleop_twist_keyboard-2.4.0-py3.10.egg-info
running install_scripts
Installing aruco_controller script to /home/leosun/ros2_ws/install/teleop_twist_keyboard/lib/teleop_twist_keyboard
Installing camera0_publisher script to /home/leosun/ros2_ws/install/teleop_twist_keyboard/lib/teleop_twist_keyboard
Installing camera1_publisher script to /home/leosun/ros2_ws/install/teleop_twist_keyboard/lib/teleop_twist_keyboard
Installing collisionavoidance script to /home/leosun/ros2_ws/install/teleop_twist_keyboard/lib/teleop_twist_keyboard
Installing detection script to /home/leosun/ros2_ws/install/teleop_twist_keyboard/lib/teleop_twist_keyboard
Installing newdetection script to /home/leosun/ros2_ws/install/teleop_twist_keyboard/lib/teleop_twist_keyboard
Installing repulsive_avoidance script to /home/leosun/ros2_ws/install/teleop_twist_keyboard/lib/teleop_twist_keyboard
Installing teleop_twist_keyboard script to /home/leosun/ros2_ws/install/teleop_twist_keyboard/lib/teleop_twist_keyboard
writing list of installed files to '/home/leosun/ros2_ws/build/teleop_twist_keyboard/install.log'
