[0.337s] Invoking command in '/home/leosun/ros2_ws/src/teleop_twist_keyboard-dashing': PYTHONPATH=/home/leosun/ros2_ws/build/teleop_twist_keyboard/prefix_override:/usr/lib/python3/dist-packages/colcon_core/task/python/colcon_distutils_commands:/home/leosun/ros2_ws/install/teleop_twist_keyboard/lib/python3.10/site-packages:${PYTHONPATH} /usr/bin/python3 -W ignore:setup.py install is deprecated -W ignore:easy_install command is deprecated setup.py egg_info --egg-base ../../build/teleop_twist_keyboard build --build-base /home/leosun/ros2_ws/build/teleop_twist_keyboard/build install --record /home/leosun/ros2_ws/build/teleop_twist_keyboard/install.log --single-version-externally-managed install_data
[0.418s] running egg_info
[0.419s] creating ../../build/teleop_twist_keyboard/teleop_twist_keyboard.egg-info
[0.419s] writing ../../build/teleop_twist_keyboard/teleop_twist_keyboard.egg-info/PKG-INFO
[0.420s] writing dependency_links to ../../build/teleop_twist_keyboard/teleop_twist_keyboard.egg-info/dependency_links.txt
[0.420s] writing entry points to ../../build/teleop_twist_keyboard/teleop_twist_keyboard.egg-info/entry_points.txt
[0.420s] writing requirements to ../../build/teleop_twist_keyboard/teleop_twist_keyboard.egg-info/requires.txt
[0.420s] writing top-level names to ../../build/teleop_twist_keyboard/teleop_twist_keyboard.egg-info/top_level.txt
[0.420s] writing manifest file '../../build/teleop_twist_keyboard/teleop_twist_keyboard.egg-info/SOURCES.txt'
[0.421s] reading manifest file '../../build/teleop_twist_keyboard/teleop_twist_keyboard.egg-info/SOURCES.txt'
[0.422s] adding license file 'LICENSE'
[0.422s] writing manifest file '../../build/teleop_twist_keyboard/teleop_twist_keyboard.egg-info/SOURCES.txt'
[0.422s] running build
[0.422s] running build_py
[0.422s] creating /home/leosun/ros2_ws/build/teleop_twist_keyboard/build
[0.423s] creating /home/leosun/ros2_ws/build/teleop_twist_keyboard/build/lib
[0.423s] copying teleop_twist_keyboard.py -> /home/leosun/ros2_ws/build/teleop_twist_keyboard/build/lib
[0.423s] copying collisionavoidance.py -> /home/leosun/ros2_ws/build/teleop_twist_keyboard/build/lib
[0.423s] copying detection.py -> /home/leosun/ros2_ws/build/teleop_twist_keyboard/build/lib
[0.423s] copying newdetection.py -> /home/leosun/ros2_ws/build/teleop_twist_keyboard/build/lib
[0.424s] copying aruco_controller.py -> /home/leosun/ros2_ws/build/teleop_twist_keyboard/build/lib
[0.424s] copying repulsive_avoidance.py -> /home/leosun/ros2_ws/build/teleop_twist_keyboard/build/lib
[0.424s] copying camera0_publisher.py -> /home/leosun/ros2_ws/build/teleop_twist_keyboard/build/lib
[0.424s] copying camera1_publisher.py -> /home/leosun/ros2_ws/build/teleop_twist_keyboard/build/lib
[0.424s] running install
[0.425s] running install_lib
[0.425s] copying /home/leosun/ros2_ws/build/teleop_twist_keyboard/build/lib/aruco_controller.py -> /home/leosun/ros2_ws/install/teleop_twist_keyboard/lib/python3.10/site-packages
[0.425s] copying /home/leosun/ros2_ws/build/teleop_twist_keyboard/build/lib/teleop_twist_keyboard.py -> /home/leosun/ros2_ws/install/teleop_twist_keyboard/lib/python3.10/site-packages
[0.426s] copying /home/leosun/ros2_ws/build/teleop_twist_keyboard/build/lib/collisionavoidance.py -> /home/leosun/ros2_ws/install/teleop_twist_keyboard/lib/python3.10/site-packages
[0.426s] copying /home/leosun/ros2_ws/build/teleop_twist_keyboard/build/lib/detection.py -> /home/leosun/ros2_ws/install/teleop_twist_keyboard/lib/python3.10/site-packages
[0.426s] copying /home/leosun/ros2_ws/build/teleop_twist_keyboard/build/lib/camera1_publisher.py -> /home/leosun/ros2_ws/install/teleop_twist_keyboard/lib/python3.10/site-packages
[0.426s] copying /home/leosun/ros2_ws/build/teleop_twist_keyboard/build/lib/repulsive_avoidance.py -> /home/leosun/ros2_ws/install/teleop_twist_keyboard/lib/python3.10/site-packages
[0.426s] copying /home/leosun/ros2_ws/build/teleop_twist_keyboard/build/lib/camera0_publisher.py -> /home/leosun/ros2_ws/install/teleop_twist_keyboard/lib/python3.10/site-packages
[0.427s] copying /home/leosun/ros2_ws/build/teleop_twist_keyboard/build/lib/newdetection.py -> /home/leosun/ros2_ws/install/teleop_twist_keyboard/lib/python3.10/site-packages
[0.427s] byte-compiling /home/leosun/ros2_ws/install/teleop_twist_keyboard/lib/python3.10/site-packages/aruco_controller.py to aruco_controller.cpython-310.pyc
[0.428s] byte-compiling /home/leosun/ros2_ws/install/teleop_twist_keyboard/lib/python3.10/site-packages/teleop_twist_keyboard.py to teleop_twist_keyboard.cpython-310.pyc
[0.429s] byte-compiling /home/leosun/ros2_ws/install/teleop_twist_keyboard/lib/python3.10/site-packages/collisionavoidance.py to collisionavoidance.cpython-310.pyc
[0.431s] byte-compiling /home/leosun/ros2_ws/install/teleop_twist_keyboard/lib/python3.10/site-packages/detection.py to detection.cpython-310.pyc
[0.432s] byte-compiling /home/leosun/ros2_ws/install/teleop_twist_keyboard/lib/python3.10/site-packages/camera1_publisher.py to camera1_publisher.cpython-310.pyc
[0.432s] byte-compiling /home/leosun/ros2_ws/install/teleop_twist_keyboard/lib/python3.10/site-packages/repulsive_avoidance.py to repulsive_avoidance.cpython-310.pyc
[0.433s] byte-compiling /home/leosun/ros2_ws/install/teleop_twist_keyboard/lib/python3.10/site-packages/camera0_publisher.py to camera0_publisher.cpython-310.pyc
[0.433s] byte-compiling /home/leosun/ros2_ws/install/teleop_twist_keyboard/lib/python3.10/site-packages/newdetection.py to newdetection.cpython-310.pyc
[0.434s] running install_data
[0.434s] creating /home/leosun/ros2_ws/install/teleop_twist_keyboard/share/ament_index
[0.434s] creating /home/leosun/ros2_ws/install/teleop_twist_keyboard/share/ament_index/resource_index
[0.434s] creating /home/leosun/ros2_ws/install/teleop_twist_keyboard/share/ament_index/resource_index/packages
[0.434s] copying resource/teleop_twist_keyboard -> /home/leosun/ros2_ws/install/teleop_twist_keyboard/share/ament_index/resource_index/packages
[0.434s] copying package.xml -> /home/leosun/ros2_ws/install/teleop_twist_keyboard/share/teleop_twist_keyboard
[0.435s] creating /home/leosun/ros2_ws/install/teleop_twist_keyboard/share/teleop_twist_keyboard/launch
[0.435s] copying launch/launch.xml -> /home/leosun/ros2_ws/install/teleop_twist_keyboard/share/teleop_twist_keyboard/launch
[0.435s] running install_egg_info
[0.436s] Copying ../../build/teleop_twist_keyboard/teleop_twist_keyboard.egg-info to /home/leosun/ros2_ws/install/teleop_twist_keyboard/lib/python3.10/site-packages/teleop_twist_keyboard-2.4.0-py3.10.egg-info
[0.436s] running install_scripts
[0.444s] Installing aruco_controller script to /home/leosun/ros2_ws/install/teleop_twist_keyboard/lib/teleop_twist_keyboard
[0.444s] Installing camera0_publisher script to /home/leosun/ros2_ws/install/teleop_twist_keyboard/lib/teleop_twist_keyboard
[0.445s] Installing camera1_publisher script to /home/leosun/ros2_ws/install/teleop_twist_keyboard/lib/teleop_twist_keyboard
[0.445s] Installing collisionavoidance script to /home/leosun/ros2_ws/install/teleop_twist_keyboard/lib/teleop_twist_keyboard
[0.445s] Installing detection script to /home/leosun/ros2_ws/install/teleop_twist_keyboard/lib/teleop_twist_keyboard
[0.445s] Installing newdetection script to /home/leosun/ros2_ws/install/teleop_twist_keyboard/lib/teleop_twist_keyboard
[0.445s] Installing repulsive_avoidance script to /home/leosun/ros2_ws/install/teleop_twist_keyboard/lib/teleop_twist_keyboard
[0.446s] Installing teleop_twist_keyboard script to /home/leosun/ros2_ws/install/teleop_twist_keyboard/lib/teleop_twist_keyboard
[0.446s] writing list of installed files to '/home/leosun/ros2_ws/build/teleop_twist_keyboard/install.log'
[0.460s] Invoked command in '/home/leosun/ros2_ws/src/teleop_twist_keyboard-dashing' returned '0': PYTHONPATH=/home/leosun/ros2_ws/build/teleop_twist_keyboard/prefix_override:/usr/lib/python3/dist-packages/colcon_core/task/python/colcon_distutils_commands:/home/leosun/ros2_ws/install/teleop_twist_keyboard/lib/python3.10/site-packages:${PYTHONPATH} /usr/bin/python3 -W ignore:setup.py install is deprecated -W ignore:easy_install command is deprecated setup.py egg_info --egg-base ../../build/teleop_twist_keyboard build --build-base /home/leosun/ros2_ws/build/teleop_twist_keyboard/build install --record /home/leosun/ros2_ws/build/teleop_twist_keyboard/install.log --single-version-externally-managed install_data
