[0.884s] Invoking command in '/home/leosun/ros2_ws/src/localization': PYTHONPATH=/home/leosun/ros2_ws/build/localization/prefix_override:/usr/lib/python3/dist-packages/colcon_core/task/python/colcon_distutils_commands:/home/leosun/ros2_ws/install/localization/lib/python3.10/site-packages:${PYTHONPATH} /usr/bin/python3 -W ignore:setup.py install is deprecated -W ignore:easy_install command is deprecated setup.py egg_info --egg-base ../../build/localization build --build-base /home/leosun/ros2_ws/build/localization/build install --record /home/leosun/ros2_ws/build/localization/install.log --single-version-externally-managed install_data
[1.070s] running egg_info
[1.070s] writing ../../build/localization/localization.egg-info/PKG-INFO
[1.070s] writing dependency_links to ../../build/localization/localization.egg-info/dependency_links.txt
[1.071s] writing entry points to ../../build/localization/localization.egg-info/entry_points.txt
[1.071s] writing requirements to ../../build/localization/localization.egg-info/requires.txt
[1.071s] writing top-level names to ../../build/localization/localization.egg-info/top_level.txt
[1.072s] reading manifest file '../../build/localization/localization.egg-info/SOURCES.txt'
[1.072s] adding license file 'LICENSE'
[1.072s] writing manifest file '../../build/localization/localization.egg-info/SOURCES.txt'
[1.072s] running build
[1.072s] running build_py
[1.072s] running install
[1.073s] running install_lib
[1.073s] running install_data
[1.073s] running install_egg_info
[1.074s] removing '/home/leosun/ros2_ws/install/localization/lib/python3.10/site-packages/localization-0.0.0-py3.10.egg-info' (and everything under it)
[1.074s] Copying ../../build/localization/localization.egg-info to /home/leosun/ros2_ws/install/localization/lib/python3.10/site-packages/localization-0.0.0-py3.10.egg-info
[1.075s] running install_scripts
[1.092s] Installing camera0_publisher script to /home/leosun/ros2_ws/install/localization/lib/localization
[1.093s] Installing camera1_publisher script to /home/leosun/ros2_ws/install/localization/lib/localization
[1.093s] Installing dual_camera_detection script to /home/leosun/ros2_ws/install/localization/lib/localization
[1.093s] Installing ekf script to /home/leosun/ros2_ws/install/localization/lib/localization
[1.093s] Installing pose_visualizer script to /home/leosun/ros2_ws/install/localization/lib/localization
[1.093s] Installing velocity_fusion script to /home/leosun/ros2_ws/install/localization/lib/localization
[1.093s] writing list of installed files to '/home/leosun/ros2_ws/build/localization/install.log'
[1.110s] Invoked command in '/home/leosun/ros2_ws/src/localization' returned '0': PYTHONPATH=/home/leosun/ros2_ws/build/localization/prefix_override:/usr/lib/python3/dist-packages/colcon_core/task/python/colcon_distutils_commands:/home/leosun/ros2_ws/install/localization/lib/python3.10/site-packages:${PYTHONPATH} /usr/bin/python3 -W ignore:setup.py install is deprecated -W ignore:easy_install command is deprecated setup.py egg_info --egg-base ../../build/localization build --build-base /home/leosun/ros2_ws/build/localization/build install --record /home/leosun/ros2_ws/build/localization/install.log --single-version-externally-managed install_data
