running egg_info
creating ../../build/control/control.egg-info
writing ../../build/control/control.egg-info/PKG-INFO
writing dependency_links to ../../build/control/control.egg-info/dependency_links.txt
writing entry points to ../../build/control/control.egg-info/entry_points.txt
writing requirements to ../../build/control/control.egg-info/requires.txt
writing top-level names to ../../build/control/control.egg-info/top_level.txt
writing manifest file '../../build/control/control.egg-info/SOURCES.txt'
reading manifest file '../../build/control/control.egg-info/SOURCES.txt'
adding license file 'LICENSE'
writing manifest file '../../build/control/control.egg-info/SOURCES.txt'
running build
running build_py
creating /home/leosun/ros2_ws/build/control/build
creating /home/leosun/ros2_ws/build/control/build/lib
creating /home/leosun/ros2_ws/build/control/build/lib/control
copying control/stay_in_place.py -> /home/leosun/ros2_ws/build/control/build/lib/control
copying control/__init__.py -> /home/leosun/ros2_ws/build/control/build/lib/control
copying control/simple_rotation.py -> /home/leosun/ros2_ws/build/control/build/lib/control
copying control/repulsive_avoidance.py -> /home/leosun/ros2_ws/build/control/build/lib/control
running install
running install_lib
creating /home/leosun/ros2_ws/install/control/lib/python3.10/site-packages/control
copying /home/leosun/ros2_ws/build/control/build/lib/control/stay_in_place.py -> /home/leosun/ros2_ws/install/control/lib/python3.10/site-packages/control
copying /home/leosun/ros2_ws/build/control/build/lib/control/__init__.py -> /home/leosun/ros2_ws/install/control/lib/python3.10/site-packages/control
copying /home/leosun/ros2_ws/build/control/build/lib/control/simple_rotation.py -> /home/leosun/ros2_ws/install/control/lib/python3.10/site-packages/control
copying /home/leosun/ros2_ws/build/control/build/lib/control/repulsive_avoidance.py -> /home/leosun/ros2_ws/install/control/lib/python3.10/site-packages/control
byte-compiling /home/leosun/ros2_ws/install/control/lib/python3.10/site-packages/control/stay_in_place.py to stay_in_place.cpython-310.pyc
byte-compiling /home/leosun/ros2_ws/install/control/lib/python3.10/site-packages/control/__init__.py to __init__.cpython-310.pyc
byte-compiling /home/leosun/ros2_ws/install/control/lib/python3.10/site-packages/control/simple_rotation.py to simple_rotation.cpython-310.pyc
byte-compiling /home/leosun/ros2_ws/install/control/lib/python3.10/site-packages/control/repulsive_avoidance.py to repulsive_avoidance.cpython-310.pyc
Sorry: IndentationError: unexpected indent (repulsive_avoidance.py, line 268)
running install_data
creating /home/leosun/ros2_ws/install/control/share/ament_index
creating /home/leosun/ros2_ws/install/control/share/ament_index/resource_index
creating /home/leosun/ros2_ws/install/control/share/ament_index/resource_index/packages
copying resource/control -> /home/leosun/ros2_ws/install/control/share/ament_index/resource_index/packages
copying package.xml -> /home/leosun/ros2_ws/install/control/share/control
running install_egg_info
Copying ../../build/control/control.egg-info to /home/leosun/ros2_ws/install/control/lib/python3.10/site-packages/control-0.0.0-py3.10.egg-info
running install_scripts
Installing stay_in_place = control.stay_in_place:mainrepulsive_avoidance script to /home/leosun/ros2_ws/install/control/lib/control
writing list of installed files to '/home/leosun/ros2_ws/build/control/install.log'
