[0.680s] Invoking command in '/home/leosun/ros2_ws/src/localization': PYTHONPATH=/home/leosun/ros2_ws/build/localization/prefix_override:/usr/lib/python3/dist-packages/colcon_core/task/python/colcon_distutils_commands:/home/leosun/ros2_ws/install/localization/lib/python3.10/site-packages:${PYTHONPATH} /usr/bin/python3 -W ignore:setup.py install is deprecated -W ignore:easy_install command is deprecated setup.py egg_info --egg-base ../../build/localization build --build-base /home/leosun/ros2_ws/build/localization/build install --record /home/leosun/ros2_ws/build/localization/install.log --single-version-externally-managed install_data
[0.849s] running egg_info
[0.851s] writing ../../build/localization/localization.egg-info/PKG-INFO
[0.851s] writing dependency_links to ../../build/localization/localization.egg-info/dependency_links.txt
[0.852s] writing entry points to ../../build/localization/localization.egg-info/entry_points.txt
[0.853s] writing requirements to ../../build/localization/localization.egg-info/requires.txt
[0.853s] writing top-level names to ../../build/localization/localization.egg-info/top_level.txt
[0.854s] reading manifest file '../../build/localization/localization.egg-info/SOURCES.txt'
[0.857s] adding license file 'LICENSE'
[0.857s] writing manifest file '../../build/localization/localization.egg-info/SOURCES.txt'
[0.857s] running build
[0.857s] running build_py
[0.857s] running install
[0.857s] running install_lib
[0.857s] running install_data
[0.857s] running install_egg_info
[0.863s] removing '/home/leosun/ros2_ws/install/localization/lib/python3.10/site-packages/localization-0.0.0-py3.10.egg-info' (and everything under it)
[0.883s] Copying ../../build/localization/localization.egg-info to /home/leosun/ros2_ws/install/localization/lib/python3.10/site-packages/localization-0.0.0-py3.10.egg-info
[0.887s] running install_scripts
[0.897s] Installing camera0_publisher script to /home/leosun/ros2_ws/install/localization/lib/localization
[0.898s] Installing camera1_publisher script to /home/leosun/ros2_ws/install/localization/lib/localization
[0.899s] Installing dual_camera_detection script to /home/leosun/ros2_ws/install/localization/lib/localization
[0.899s] Installing ekf script to /home/leosun/ros2_ws/install/localization/lib/localization
[0.902s] Installing pose_visualizer script to /home/leosun/ros2_ws/install/localization/lib/localization
[0.907s] Installing velocity_fusion script to /home/leosun/ros2_ws/install/localization/lib/localization
[0.909s] writing list of installed files to '/home/leosun/ros2_ws/build/localization/install.log'
[0.926s] Invoked command in '/home/leosun/ros2_ws/src/localization' returned '0': PYTHONPATH=/home/leosun/ros2_ws/build/localization/prefix_override:/usr/lib/python3/dist-packages/colcon_core/task/python/colcon_distutils_commands:/home/leosun/ros2_ws/install/localization/lib/python3.10/site-packages:${PYTHONPATH} /usr/bin/python3 -W ignore:setup.py install is deprecated -W ignore:easy_install command is deprecated setup.py egg_info --egg-base ../../build/localization build --build-base /home/leosun/ros2_ws/build/localization/build install --record /home/leosun/ros2_ws/build/localization/install.log --single-version-externally-managed install_data
