[0.780s] Invoking command in '/home/leosun/ros2_ws/src/control': PYTHONPATH=/home/leosun/ros2_ws/build/control/prefix_override:/usr/lib/python3/dist-packages/colcon_core/task/python/colcon_distutils_commands:/home/leosun/ros2_ws/install/control/lib/python3.10/site-packages:${PYTHONPATH} /usr/bin/python3 -W ignore:setup.py install is deprecated -W ignore:easy_install command is deprecated setup.py egg_info --egg-base ../../build/control build --build-base /home/leosun/ros2_ws/build/control/build install --record /home/leosun/ros2_ws/build/control/install.log --single-version-externally-managed install_data
[0.999s] running egg_info
[0.999s] writing ../../build/control/control.egg-info/PKG-INFO
[1.000s] writing dependency_links to ../../build/control/control.egg-info/dependency_links.txt
[1.002s] writing entry points to ../../build/control/control.egg-info/entry_points.txt
[1.002s] writing requirements to ../../build/control/control.egg-info/requires.txt
[1.002s] writing top-level names to ../../build/control/control.egg-info/top_level.txt
[1.002s] reading manifest file '../../build/control/control.egg-info/SOURCES.txt'
[1.002s] adding license file 'LICENSE'
[1.002s] writing manifest file '../../build/control/control.egg-info/SOURCES.txt'
[1.002s] running build
[1.002s] running build_py
[1.002s] copying control/simple_rotation.py -> /home/leosun/ros2_ws/build/control/build/lib/control
[1.002s] running install
[1.002s] running install_lib
[1.004s] copying /home/leosun/ros2_ws/build/control/build/lib/control/simple_rotation.py -> /home/leosun/ros2_ws/install/control/lib/python3.10/site-packages/control
[1.004s] byte-compiling /home/leosun/ros2_ws/install/control/lib/python3.10/site-packages/control/simple_rotation.py to simple_rotation.cpython-310.pyc
[1.005s] running install_data
[1.005s] running install_egg_info
[1.006s] removing '/home/leosun/ros2_ws/install/control/lib/python3.10/site-packages/control-0.0.0-py3.10.egg-info' (and everything under it)
[1.027s] Copying ../../build/control/control.egg-info to /home/leosun/ros2_ws/install/control/lib/python3.10/site-packages/control-0.0.0-py3.10.egg-info
[1.027s] running install_scripts
[1.036s] Installing move_to_goal script to /home/leosun/ros2_ws/install/control/lib/control
[1.036s] Installing repulsive_avoidance script to /home/leosun/ros2_ws/install/control/lib/control
[1.036s] Installing simple_rotation script to /home/leosun/ros2_ws/install/control/lib/control
[1.036s] Installing stay_in_place script to /home/leosun/ros2_ws/install/control/lib/control
[1.036s] Installing teleop_twist_keyboard script to /home/leosun/ros2_ws/install/control/lib/control
[1.036s] writing list of installed files to '/home/leosun/ros2_ws/build/control/install.log'
[1.048s] Invoked command in '/home/leosun/ros2_ws/src/control' returned '0': PYTHONPATH=/home/leosun/ros2_ws/build/control/prefix_override:/usr/lib/python3/dist-packages/colcon_core/task/python/colcon_distutils_commands:/home/leosun/ros2_ws/install/control/lib/python3.10/site-packages:${PYTHONPATH} /usr/bin/python3 -W ignore:setup.py install is deprecated -W ignore:easy_install command is deprecated setup.py egg_info --egg-base ../../build/control build --build-base /home/leosun/ros2_ws/build/control/build install --record /home/leosun/ros2_ws/build/control/install.log --single-version-externally-managed install_data
