[0.321s] Invoking command in '/home/leosun/ros2_ws/src/localization': PYTHONPATH=/home/leosun/ros2_ws/build/localization/prefix_override:/usr/lib/python3/dist-packages/colcon_core/task/python/colcon_distutils_commands:/home/leosun/ros2_ws/install/localization/lib/python3.10/site-packages:${PYTHONPATH} /usr/bin/python3 -W ignore:setup.py install is deprecated -W ignore:easy_install command is deprecated setup.py egg_info --egg-base ../../build/localization build --build-base /home/leosun/ros2_ws/build/localization/build install --record /home/leosun/ros2_ws/build/localization/install.log --single-version-externally-managed install_data
[0.404s] running egg_info
[0.405s] writing ../../build/localization/localization.egg-info/PKG-INFO
[0.405s] writing dependency_links to ../../build/localization/localization.egg-info/dependency_links.txt
[0.405s] writing entry points to ../../build/localization/localization.egg-info/entry_points.txt
[0.405s] writing requirements to ../../build/localization/localization.egg-info/requires.txt
[0.405s] writing top-level names to ../../build/localization/localization.egg-info/top_level.txt
[0.406s] reading manifest file '../../build/localization/localization.egg-info/SOURCES.txt'
[0.406s] adding license file 'LICENSE'
[0.406s] writing manifest file '../../build/localization/localization.egg-info/SOURCES.txt'
[0.407s] running build
[0.407s] running build_py
[0.407s] copying localization/pose_visualizer.py -> /home/leosun/ros2_ws/build/localization/build/lib/localization
[0.407s] copying localization/dual_camera_detection.py -> /home/leosun/ros2_ws/build/localization/build/lib/localization
[0.407s] running install
[0.407s] running install_lib
[0.407s] copying /home/leosun/ros2_ws/build/localization/build/lib/localization/pose_visualizer.py -> /home/leosun/ros2_ws/install/localization/lib/python3.10/site-packages/localization
[0.408s] copying /home/leosun/ros2_ws/build/localization/build/lib/localization/dual_camera_detection.py -> /home/leosun/ros2_ws/install/localization/lib/python3.10/site-packages/localization
[0.408s] byte-compiling /home/leosun/ros2_ws/install/localization/lib/python3.10/site-packages/localization/pose_visualizer.py to pose_visualizer.cpython-310.pyc
[0.409s] byte-compiling /home/leosun/ros2_ws/install/localization/lib/python3.10/site-packages/localization/dual_camera_detection.py to dual_camera_detection.cpython-310.pyc
[0.410s] running install_data
[0.410s] running install_egg_info
[0.411s] removing '/home/leosun/ros2_ws/install/localization/lib/python3.10/site-packages/localization-0.0.0-py3.10.egg-info' (and everything under it)
[0.412s] Copying ../../build/localization/localization.egg-info to /home/leosun/ros2_ws/install/localization/lib/python3.10/site-packages/localization-0.0.0-py3.10.egg-info
[0.412s] running install_scripts
[0.419s] Installing camera0_publisher script to /home/leosun/ros2_ws/install/localization/lib/localization
[0.420s] Installing camera1_publisher script to /home/leosun/ros2_ws/install/localization/lib/localization
[0.420s] Installing dual_camera_detection script to /home/leosun/ros2_ws/install/localization/lib/localization
[0.420s] Installing pose_visualizer script to /home/leosun/ros2_ws/install/localization/lib/localization
[0.420s] writing list of installed files to '/home/leosun/ros2_ws/build/localization/install.log'
[0.433s] Invoked command in '/home/leosun/ros2_ws/src/localization' returned '0': PYTHONPATH=/home/leosun/ros2_ws/build/localization/prefix_override:/usr/lib/python3/dist-packages/colcon_core/task/python/colcon_distutils_commands:/home/leosun/ros2_ws/install/localization/lib/python3.10/site-packages:${PYTHONPATH} /usr/bin/python3 -W ignore:setup.py install is deprecated -W ignore:easy_install command is deprecated setup.py egg_info --egg-base ../../build/localization build --build-base /home/leosun/ros2_ws/build/localization/build install --record /home/leosun/ros2_ws/build/localization/install.log --single-version-externally-managed install_data
