/home/leosun/ros2_ws/install/control/lib/python3.10/site-packages/control/stay_in_place.py
/home/leosun/ros2_ws/install/control/lib/python3.10/site-packages/control/teleop_twist_keyboard.py
/home/leosun/ros2_ws/install/control/lib/python3.10/site-packages/control/__init__.py
/home/leosun/ros2_ws/install/control/lib/python3.10/site-packages/control/simple_rotation.py
/home/leosun/ros2_ws/install/control/lib/python3.10/site-packages/control/repulsive_avoidance.py
/home/leosun/ros2_ws/install/control/lib/python3.10/site-packages/control/__pycache__/stay_in_place.cpython-310.pyc
/home/leosun/ros2_ws/install/control/lib/python3.10/site-packages/control/__pycache__/teleop_twist_keyboard.cpython-310.pyc
/home/leosun/ros2_ws/install/control/lib/python3.10/site-packages/control/__pycache__/__init__.cpython-310.pyc
/home/leosun/ros2_ws/install/control/lib/python3.10/site-packages/control/__pycache__/simple_rotation.cpython-310.pyc
/home/leosun/ros2_ws/install/control/lib/python3.10/site-packages/control/__pycache__/repulsive_avoidance.cpython-310.pyc
/home/leosun/ros2_ws/install/control/share/ament_index/resource_index/packages/control
/home/leosun/ros2_ws/install/control/share/control/package.xml
/home/leosun/ros2_ws/install/control/lib/python3.10/site-packages/control-0.0.0-py3.10.egg-info/zip-safe
/home/leosun/ros2_ws/install/control/lib/python3.10/site-packages/control-0.0.0-py3.10.egg-info/top_level.txt
/home/leosun/ros2_ws/install/control/lib/python3.10/site-packages/control-0.0.0-py3.10.egg-info/dependency_links.txt
/home/leosun/ros2_ws/install/control/lib/python3.10/site-packages/control-0.0.0-py3.10.egg-info/SOURCES.txt
/home/leosun/ros2_ws/install/control/lib/python3.10/site-packages/control-0.0.0-py3.10.egg-info/requires.txt
/home/leosun/ros2_ws/install/control/lib/python3.10/site-packages/control-0.0.0-py3.10.egg-info/PKG-INFO
/home/leosun/ros2_ws/install/control/lib/python3.10/site-packages/control-0.0.0-py3.10.egg-info/entry_points.txt
/home/leosun/ros2_ws/install/control/lib/control/repulsive_avoidance
/home/leosun/ros2_ws/install/control/lib/control/stay_in_place
/home/leosun/ros2_ws/install/control/lib/control/teleop_twist_keyboard
