[0.505s] Invoking command in '/home/leosun/ros2_ws/src/teleop_twist_keyboard-dashing': PYTHONPATH=/home/leosun/ros2_ws/build/teleop_twist_keyboard/prefix_override:/usr/lib/python3/dist-packages/colcon_core/task/python/colcon_distutils_commands:/home/leosun/ros2_ws/install/teleop_twist_keyboard/lib/python3.10/site-packages:${PYTHONPATH} /usr/bin/python3 -W ignore:setup.py install is deprecated -W ignore:easy_install command is deprecated setup.py egg_info --egg-base ../../build/teleop_twist_keyboard build --build-base /home/leosun/ros2_ws/build/teleop_twist_keyboard/build install --record /home/leosun/ros2_ws/build/teleop_twist_keyboard/install.log --single-version-externally-managed install_data
[0.617s] running egg_info
[0.617s] writing ../../build/teleop_twist_keyboard/teleop_twist_keyboard.egg-info/PKG-INFO
[0.618s] writing dependency_links to ../../build/teleop_twist_keyboard/teleop_twist_keyboard.egg-info/dependency_links.txt
[0.618s] writing entry points to ../../build/teleop_twist_keyboard/teleop_twist_keyboard.egg-info/entry_points.txt
[0.618s] writing requirements to ../../build/teleop_twist_keyboard/teleop_twist_keyboard.egg-info/requires.txt
[0.618s] writing top-level names to ../../build/teleop_twist_keyboard/teleop_twist_keyboard.egg-info/top_level.txt
[0.618s] reading manifest file '../../build/teleop_twist_keyboard/teleop_twist_keyboard.egg-info/SOURCES.txt'
[0.618s] adding license file 'LICENSE'
[0.619s] writing manifest file '../../build/teleop_twist_keyboard/teleop_twist_keyboard.egg-info/SOURCES.txt'
[0.619s] running build
[0.619s] running build_py
[0.619s] copying repulsive_avoidance.py -> /home/leosun/ros2_ws/build/teleop_twist_keyboard/build/lib
[0.619s] running install
[0.619s] running install_lib
[0.619s] copying /home/leosun/ros2_ws/build/teleop_twist_keyboard/build/lib/repulsive_avoidance.py -> /home/leosun/ros2_ws/install/teleop_twist_keyboard/lib/python3.10/site-packages
[0.620s] byte-compiling /home/leosun/ros2_ws/install/teleop_twist_keyboard/lib/python3.10/site-packages/repulsive_avoidance.py to repulsive_avoidance.cpython-310.pyc
[0.621s] running install_data
[0.621s] running install_egg_info
[0.621s] removing '/home/leosun/ros2_ws/install/teleop_twist_keyboard/lib/python3.10/site-packages/teleop_twist_keyboard-2.4.0-py3.10.egg-info' (and everything under it)
[0.621s] Copying ../../build/teleop_twist_keyboard/teleop_twist_keyboard.egg-info to /home/leosun/ros2_ws/install/teleop_twist_keyboard/lib/python3.10/site-packages/teleop_twist_keyboard-2.4.0-py3.10.egg-info
[0.622s] running install_scripts
[0.632s] Installing aruco_controller script to /home/leosun/ros2_ws/install/teleop_twist_keyboard/lib/teleop_twist_keyboard
[0.632s] Installing camera0_publisher script to /home/leosun/ros2_ws/install/teleop_twist_keyboard/lib/teleop_twist_keyboard
[0.632s] Installing camera1_publisher script to /home/leosun/ros2_ws/install/teleop_twist_keyboard/lib/teleop_twist_keyboard
[0.632s] Installing collisionavoidance script to /home/leosun/ros2_ws/install/teleop_twist_keyboard/lib/teleop_twist_keyboard
[0.633s] Installing detection script to /home/leosun/ros2_ws/install/teleop_twist_keyboard/lib/teleop_twist_keyboard
[0.633s] Installing newdetection script to /home/leosun/ros2_ws/install/teleop_twist_keyboard/lib/teleop_twist_keyboard
[0.633s] Installing repulsive_avoidance script to /home/leosun/ros2_ws/install/teleop_twist_keyboard/lib/teleop_twist_keyboard
[0.633s] Installing teleop_twist_keyboard script to /home/leosun/ros2_ws/install/teleop_twist_keyboard/lib/teleop_twist_keyboard
[0.633s] writing list of installed files to '/home/leosun/ros2_ws/build/teleop_twist_keyboard/install.log'
[0.648s] Invoked command in '/home/leosun/ros2_ws/src/teleop_twist_keyboard-dashing' returned '0': PYTHONPATH=/home/leosun/ros2_ws/build/teleop_twist_keyboard/prefix_override:/usr/lib/python3/dist-packages/colcon_core/task/python/colcon_distutils_commands:/home/leosun/ros2_ws/install/teleop_twist_keyboard/lib/python3.10/site-packages:${PYTHONPATH} /usr/bin/python3 -W ignore:setup.py install is deprecated -W ignore:easy_install command is deprecated setup.py egg_info --egg-base ../../build/teleop_twist_keyboard build --build-base /home/leosun/ros2_ws/build/teleop_twist_keyboard/build install --record /home/leosun/ros2_ws/build/teleop_twist_keyboard/install.log --single-version-externally-managed install_data
