/home/leosun/ros2_ws/install/teleop_twist_keyboard/lib/python3.10/site-packages/teleop_twist_keyboard.py
/home/leosun/ros2_ws/install/teleop_twist_keyboard/lib/python3.10/site-packages/collisionavoidance.py
/home/leosun/ros2_ws/install/teleop_twist_keyboard/lib/python3.10/site-packages/detection.py
/home/leosun/ros2_ws/install/teleop_twist_keyboard/lib/python3.10/site-packages/newdetection.py
/home/leosun/ros2_ws/install/teleop_twist_keyboard/lib/python3.10/site-packages/aruco_controller.py
/home/leosun/ros2_ws/install/teleop_twist_keyboard/lib/python3.10/site-packages/repulsive_avoidance.py
/home/leosun/ros2_ws/install/teleop_twist_keyboard/lib/python3.10/site-packages/camera0_publisher.py
/home/leosun/ros2_ws/install/teleop_twist_keyboard/lib/python3.10/site-packages/camera1_publisher.py
/home/leosun/ros2_ws/install/teleop_twist_keyboard/lib/python3.10/site-packages/__pycache__/teleop_twist_keyboard.cpython-310.pyc
/home/leosun/ros2_ws/install/teleop_twist_keyboard/lib/python3.10/site-packages/__pycache__/collisionavoidance.cpython-310.pyc
/home/leosun/ros2_ws/install/teleop_twist_keyboard/lib/python3.10/site-packages/__pycache__/detection.cpython-310.pyc
/home/leosun/ros2_ws/install/teleop_twist_keyboard/lib/python3.10/site-packages/__pycache__/newdetection.cpython-310.pyc
/home/leosun/ros2_ws/install/teleop_twist_keyboard/lib/python3.10/site-packages/__pycache__/aruco_controller.cpython-310.pyc
/home/leosun/ros2_ws/install/teleop_twist_keyboard/lib/python3.10/site-packages/__pycache__/repulsive_avoidance.cpython-310.pyc
/home/leosun/ros2_ws/install/teleop_twist_keyboard/lib/python3.10/site-packages/__pycache__/camera0_publisher.cpython-310.pyc
/home/leosun/ros2_ws/install/teleop_twist_keyboard/lib/python3.10/site-packages/__pycache__/camera1_publisher.cpython-310.pyc
/home/leosun/ros2_ws/install/teleop_twist_keyboard/share/ament_index/resource_index/packages/teleop_twist_keyboard
/home/leosun/ros2_ws/install/teleop_twist_keyboard/share/teleop_twist_keyboard/package.xml
/home/leosun/ros2_ws/install/teleop_twist_keyboard/share/teleop_twist_keyboard/launch/launch.xml
/home/leosun/ros2_ws/install/teleop_twist_keyboard/lib/python3.10/site-packages/teleop_twist_keyboard-2.4.0-py3.10.egg-info/zip-safe
/home/leosun/ros2_ws/install/teleop_twist_keyboard/lib/python3.10/site-packages/teleop_twist_keyboard-2.4.0-py3.10.egg-info/top_level.txt
/home/leosun/ros2_ws/install/teleop_twist_keyboard/lib/python3.10/site-packages/teleop_twist_keyboard-2.4.0-py3.10.egg-info/dependency_links.txt
/home/leosun/ros2_ws/install/teleop_twist_keyboard/lib/python3.10/site-packages/teleop_twist_keyboard-2.4.0-py3.10.egg-info/SOURCES.txt
/home/leosun/ros2_ws/install/teleop_twist_keyboard/lib/python3.10/site-packages/teleop_twist_keyboard-2.4.0-py3.10.egg-info/requires.txt
/home/leosun/ros2_ws/install/teleop_twist_keyboard/lib/python3.10/site-packages/teleop_twist_keyboard-2.4.0-py3.10.egg-info/PKG-INFO
/home/leosun/ros2_ws/install/teleop_twist_keyboard/lib/python3.10/site-packages/teleop_twist_keyboard-2.4.0-py3.10.egg-info/entry_points.txt
/home/leosun/ros2_ws/install/teleop_twist_keyboard/lib/teleop_twist_keyboard/aruco_controller
/home/leosun/ros2_ws/install/teleop_twist_keyboard/lib/teleop_twist_keyboard/camera0_publisher
/home/leosun/ros2_ws/install/teleop_twist_keyboard/lib/teleop_twist_keyboard/camera1_publisher
/home/leosun/ros2_ws/install/teleop_twist_keyboard/lib/teleop_twist_keyboard/collisionavoidance
/home/leosun/ros2_ws/install/teleop_twist_keyboard/lib/teleop_twist_keyboard/detection
/home/leosun/ros2_ws/install/teleop_twist_keyboard/lib/teleop_twist_keyboard/newdetection
/home/leosun/ros2_ws/install/teleop_twist_keyboard/lib/teleop_twist_keyboard/repulsive_avoidance
/home/leosun/ros2_ws/install/teleop_twist_keyboard/lib/teleop_twist_keyboard/teleop_twist_keyboard
