[0.384s] Invoking command in '/home/leosun/ros2_ws/src/control': PYTHONPATH=/home/leosun/ros2_ws/build/control/prefix_override:/usr/lib/python3/dist-packages/colcon_core/task/python/colcon_distutils_commands:/home/leosun/ros2_ws/install/control/lib/python3.10/site-packages:${PYTHONPATH} /usr/bin/python3 -W ignore:setup.py install is deprecated -W ignore:easy_install command is deprecated setup.py egg_info --egg-base ../../build/control build --build-base /home/leosun/ros2_ws/build/control/build install --record /home/leosun/ros2_ws/build/control/install.log --single-version-externally-managed install_data
[0.477s] running egg_info
[0.478s] writing ../../build/control/control.egg-info/PKG-INFO
[0.478s] writing dependency_links to ../../build/control/control.egg-info/dependency_links.txt
[0.479s] writing entry points to ../../build/control/control.egg-info/entry_points.txt
[0.479s] writing requirements to ../../build/control/control.egg-info/requires.txt
[0.479s] writing top-level names to ../../build/control/control.egg-info/top_level.txt
[0.481s] reading manifest file '../../build/control/control.egg-info/SOURCES.txt'
[0.481s] adding license file 'LICENSE'
[0.481s] writing manifest file '../../build/control/control.egg-info/SOURCES.txt'
[0.482s] running build
[0.482s] running build_py
[0.482s] copying control/cbs_scenario.py -> /home/leosun/ros2_ws/build/control/build/lib/control
[0.482s] running install
[0.483s] running install_lib
[0.483s] copying /home/leosun/ros2_ws/build/control/build/lib/control/cbs_scenario.py -> /home/leosun/ros2_ws/install/control/lib/python3.10/site-packages/control
[0.484s] byte-compiling /home/leosun/ros2_ws/install/control/lib/python3.10/site-packages/control/cbs_scenario.py to cbs_scenario.cpython-310.pyc
[0.485s] running install_data
[0.485s] running install_egg_info
[0.486s] removing '/home/leosun/ros2_ws/install/control/lib/python3.10/site-packages/control-0.0.0-py3.10.egg-info' (and everything under it)
[0.487s] Copying ../../build/control/control.egg-info to /home/leosun/ros2_ws/install/control/lib/python3.10/site-packages/control-0.0.0-py3.10.egg-info
[0.487s] running install_scripts
[0.496s] Installing cbs_scenario script to /home/leosun/ros2_ws/install/control/lib/control
[0.496s] Installing move_to_goal script to /home/leosun/ros2_ws/install/control/lib/control
[0.496s] Installing repulsive_avoidance script to /home/leosun/ros2_ws/install/control/lib/control
[0.497s] Installing simple_rotation script to /home/leosun/ros2_ws/install/control/lib/control
[0.497s] Installing stay_in_place script to /home/leosun/ros2_ws/install/control/lib/control
[0.498s] Installing teleop_twist_keyboard script to /home/leosun/ros2_ws/install/control/lib/control
[0.498s] writing list of installed files to '/home/leosun/ros2_ws/build/control/install.log'
[0.516s] Invoked command in '/home/leosun/ros2_ws/src/control' returned '0': PYTHONPATH=/home/leosun/ros2_ws/build/control/prefix_override:/usr/lib/python3/dist-packages/colcon_core/task/python/colcon_distutils_commands:/home/leosun/ros2_ws/install/control/lib/python3.10/site-packages:${PYTHONPATH} /usr/bin/python3 -W ignore:setup.py install is deprecated -W ignore:easy_install command is deprecated setup.py egg_info --egg-base ../../build/control build --build-base /home/leosun/ros2_ws/build/control/build install --record /home/leosun/ros2_ws/build/control/install.log --single-version-externally-managed install_data
